0.00
0.00
0.00
0.00
0.00
0.00
0.00
0.00
0.00
0.00
0.00
0.00
0.00
0.00
0.00
0.00
0.00
0.00
0.00
0.00
0.00
0.00
0.00
0.00
0.00
0.00
0.00
0.00
0.00
0.00
0.00
0.00
0.00
0.00
0.00
0.00
0.00
0.00
0.00
0.00
0.00
0.00
0.00
0.00
0.00
0.00
0.00
0.00
0.00
0.00
0.00
0.00
0.00
0.00
0.00
0.00
0.00
2.00
0.00
0.00
0.00
0.00
0.00
0.00
0.00
0.00
0.00
0.00
0.00
0.00
0.00
0.00
0.00
0.00
0.00
0.00
0.00
0.00
0.00
0.00
0.00
0.00
0.00
0.00
0.00
0.00
0.00
0.00
0.00
0.00
0.00
0.00
0.00
0.00
0.00
0.00
0.00
0.00
0.00
0.00
0.00
0.00
0.00
0.00
0.00
0.00
0.00
0.00
0.00
0.00
0.00
0.00
0.00
0.00
0.00
0.00
0.00
0.00
0.00
0.00
0.00
0.00
0.00
0.00
0.00
0.00
0.00
0.00
0.00
0.00
0.00
0.00
0.00
0.00
0.00
0.00
0.00
0.00
0.00
0.00
0.00
0.00
0.00
0.00
0.00
0.00
0.00
0.00
0.00
0.00
0.00
0.00
0.00
0.00
0.00
0.00
0.00
0.00
0.00
0.00
0.00
0.00
0.00
0.00
0.00
0.00
0.00
0.00
0.00
0.00
0.00
0.00
0.00
0.00
0.00
0.00
0.00
0.00
0.00
0.00
0.00
0.00
0.00
0.00
0.00
0.00
0.00
0.00
0.00
0.00
0.00
0.00
0.00
0.00
0.00
0.00
0.00
0.00
0.00
0.00
103.00
125.00
159.00
134.00
131.00
256.00
256.00
251.00
254.00
256.00
259.00
261.00
262.00
261.00
261.00
264.00
259.00
282.00
287.00
280.00
280.00
283.00
261.00
280.00
283.00
280.00
280.00
285.00
280.00
279.00
285.00
280.00
280.00
285.00
282.00
279.00
283.00
283.00
280.00
282.00
272.00
277.00
283.00
283.00
272.00
275.00
256.00
229.00
218.00
311.00
311.00
318.00
324.00
315.00
275.00
270.00
267.00
195.00
198.00
195.00
195.00
198.00
198.00
195.00
202.00
195.00
193.00
198.00
198.00
195.00
197.00
198.00
193.00
197.00
200.00
193.00
195.00
202.00
192.00
197.00
198.00
197.00
195.00
198.00
195.00
192.00
198.00
195.00
195.00
198.00
195.00
192.00
198.00
197.00
195.00
198.00
197.00
193.00
197.00
198.00
192.00
200.00
198.00
193.00
197.00
197.00
197.00
193.00
200.00
195.00
195.00
200.00
198.00
193.00
200.00
195.00
193.00
200.00
193.00
197.00
198.00
193.00
192.00
198.00
197.00
190.00
197.00
195.00
193.00
198.00
198.00
192.00
197.00
197.00
193.00
195.00
198.00
193.00
193.00
202.00
193.00
195.00
197.00
197.00
195.00
198.00
195.00
197.00
200.00
195.00
193.00
198.00
198.00
192.00
198.00
197.00
192.00
198.00
197.00
193.00
198.00
198.00
193.00
193.00
195.00
193.00
195.00
198.00
193.00
193.00
200.00
198.00
195.00
200.00
197.00
193.00
198.00
195.00
195.00
198.00
195.00
195.00
198.00
197.00
192.00
200.00
198.00
193.00
198.00
198.00
195.00
197.00
198.00
193.00
193.00
200.00
195.00
195.00
200.00
197.00
195.00
202.00
197.00
195.00
202.00
193.00
195.00
198.00
195.00
195.00
198.00
197.00
193.00
198.00
198.00
193.00
197.00
197.00
193.00
198.00
198.00
193.00
197.00
200.00
192.00
197.00
200.00
193.00
195.00
198.00
200.00
195.00
198.00
197.00
195.00
198.00
195.00
198.00
200.00
195.00
192.00
200.00
197.00
192.00
202.00
198.00
193.00
198.00
200.00
193.00
198.00
198.00
193.00
197.00
202.00
193.00
197.00
202.00
197.00
197.00
200.00
198.00
195.00
200.00
193.00
195.00
198.00
195.00
195.00
198.00
195.00
192.00
202.00
197.00
195.00
200.00
198.00
193.00
197.00
200.00
193.00
200.00
198.00
193.00
197.00
200.00
195.00
197.00
200.00
197.00
195.00
202.00
197.00
195.00
202.00
193.00
197.00
197.00
195.00
195.00
198.00
197.00
193.00
200.00
197.00
195.00
197.00
197.00
192.00
198.00
198.00
192.00
197.00
200.00
193.00
197.00
200.00
197.00
195.00
198.00
195.00
195.00
198.00
193.00
193.00
200.00
195.00
193.00
198.00
195.00
195.00
200.00
197.00
193.00
200.00
213.00
197.00
198.00
198.00
192.00
198.00
200.00
193.00
197.00
202.00
193.00
197.00
200.00
195.00
195.00
198.00
197.00
195.00
198.00
195.00
193.00
200.00
193.00
193.00
200.00
195.00
193.00
198.00
197.00
193.00
197.00
197.00
193.00
197.00
198.00
195.00
198.00
202.00
192.00
195.00
288.00
269.00
202.00
333.00
310.00
297.00
357.00
1003.00
1022.00
829.00
531.00
457.00
562.00
621.00
580.00
588.00
577.00
578.00
583.00
580.00
575.00
580.00
577.00
583.00
578.00
583.00
580.00
578.00
585.00
575.00
582.00
582.00
575.00
582.00
583.00
580.00
580.00
582.00
578.00
583.00
583.00
580.00
582.00
585.00
577.00
580.00
583.00
577.00
578.00
583.00
582.00
578.00
588.00
580.00
578.00
582.00
583.00
580.00
580.00
583.00
578.00
582.00
583.00
575.00
582.00
582.00
578.00
580.00
583.00
580.00
582.00
585.00
577.00
582.00
582.00
582.00
578.00
583.00
580.00
578.00
585.00
580.00
580.00
583.00
580.00
580.00
583.00
588.00
580.00
582.00
583.00
511.00
593.00
500.00
524.00
514.00
514.00
557.00
501.00
511.00
496.00
511.00
508.00
519.00
521.00
508.00
508.00
519.00
513.00
503.00
505.00
514.00
215.00
211.00
218.00
213.00
211.00
218.00
501.00
511.00
215.00
216.00
213.00
213.00
216.00
211.00
215.00
216.00
211.00
211.00
216.00
213.00
213.00
216.00
505.00
516.00
215.00
213.00
213.00
218.00
213.00
210.00
220.00
216.00
211.00
216.00
215.00
210.00
216.00
216.00
501.00
352.00
216.00
211.00
213.00
218.00
275.00
215.00
216.00
211.00
215.00
216.00
213.00
213.00
218.00
213.00
501.00
514.00
213.00
213.00
218.00
215.00
211.00
216.00
215.00
501.00
508.00
511.00
496.00
508.00
510.00
573.00
564.00
500.00
511.00
513.00
511.00
496.00
511.00
503.00
505.00
508.00
216.00
211.00
213.00
216.00
211.00
516.00
218.00
213.00
211.00
220.00
215.00
210.00
216.00
213.00
213.00
215.00
216.00
210.00
216.00
218.00
211.00
500.00
216.00
211.00
211.00
216.00
210.00
211.00
218.00
211.00
213.00
218.00
211.00
215.00
216.00
213.00
213.00
503.00
211.00
211.00
218.00
213.00
211.00
218.00
213.00
213.00
215.00
216.00
213.00
216.00
218.00
210.00
215.00
503.00
500.00
213.00
216.00
211.00
211.00
216.00
211.00
215.00
218.00
211.00
211.00
221.00
211.00
215.00
218.00
503.00
213.00
216.00
213.00
210.00
215.00
215.00
213.00
215.00
216.00
211.00
211.00
216.00
210.00
213.00
218.00
503.00
210.00
216.00
210.00
213.00
216.00
211.00
215.00
218.00
211.00
210.00
220.00
213.00
213.00
218.00
211.00
503.00
506.00
215.00
210.00
215.00
215.00
211.00
215.00
216.00
211.00
213.00
216.00
213.00
215.00
218.00
210.00
531.00
505.00
210.00
215.00
216.00
210.00
211.00
218.00
211.00
211.00
221.00
211.00
211.00
216.00
213.00
462.00
569.00
215.00
210.00
216.00
215.00
433.00
506.00
511.00
496.00
501.00
508.00
508.00
511.00
508.00
211.00
496.00
505.00
500.00
498.00
241.00
211.00
213.00
220.00
215.00
211.00
220.00
213.00
211.00
218.00
213.00
211.00
503.00
215.00
211.00
216.00
215.00
211.00
213.00
216.00
211.00
211.00
218.00
210.00
213.00
216.00
213.00
211.00
501.00
215.00
210.00
218.00
210.00
211.00
220.00
213.00
211.00
218.00
211.00
211.00
216.00
213.00
211.00
216.00
505.00
500.00
213.00
215.00
211.00
213.00
216.00
210.00
213.00
216.00
210.00
213.00
216.00
211.00
213.00
220.00
501.00
210.00
221.00
210.00
213.00
220.00
213.00
211.00
220.00
211.00
210.00
216.00
215.00
211.00
215.00
215.00
503.00
213.00
216.00
211.00
211.00
218.00
211.00
213.00
216.00
210.00
211.00
216.00
211.00
215.00
218.00
211.00
506.00
220.00
213.00
213.00
220.00
213.00
210.00
216.00
211.00
211.00
216.00
215.00
211.00
215.00
213.00
375.00
562.00
216.00
211.00
211.00
216.00
211.00
213.00
218.00
210.00
211.00
216.00
211.00
213.00
216.00
211.00
496.00
221.00
213.00
211.00
220.00
213.00
211.00
216.00
218.00
211.00
216.00
216.00
211.00
215.00
215.00
211.00
503.00
216.00
210.00
213.00
216.00
211.00
213.00
216.00
210.00
216.00
216.00
211.00
213.00
220.00
213.00
211.00
505.00
505.00
211.00
216.00
211.00
213.00
215.00
215.00
211.00
215.00
215.00
210.00
215.00
216.00
211.00
218.00
500.00
210.00
215.00
216.00
211.00
211.00
216.00
211.00
211.00
216.00
211.00
211.00
218.00
211.00
211.00
220.00
503.00
211.00
215.00
216.00
210.00
216.00
215.00
208.00
213.00
215.00
211.00
215.00
218.00
210.00
216.00
215.00
501.00
505.00
215.00
211.00
215.00
216.00
210.00
211.00
221.00
211.00
213.00
220.00
211.00
213.00
220.00
213.00
501.00
500.00
216.00
210.00
216.00
215.00
213.00
215.00
216.00
210.00
216.00
216.00
211.00
213.00
215.00
242.00
252.00
215.00
213.00
215.00
218.00
211.00
211.00
220.00
210.00
211.00
220.00
211.00
211.00
216.00
211.00
496.00
646.00
508.00
513.00
513.00
503.00
495.00
501.00
508.00
503.00
501.00
457.00
210.00
215.00
216.00
213.00
500.00
508.00
210.00
211.00
216.00
210.00
213.00
220.00
211.00
215.00
218.00
213.00
211.00
216.00
216.00
211.00
501.00
505.00
213.00
215.00
216.00
210.00
215.00
218.00
210.00
213.00
216.00
210.00
213.00
216.00
210.00
508.00
501.00
513.00
506.00
514.00
508.00
503.00
511.00
516.00
213.00
216.00
213.00
211.00
216.00
215.00
211.00
216.00
505.00
213.00
213.00
216.00
210.00
216.00
218.00
211.00
213.00
218.00
210.00
215.00
216.00
210.00
211.00
216.00
501.00
506.00
505.00
510.00
511.00
505.00
516.00
513.00
503.00
506.00
211.00
218.00
216.00
211.00
216.00
213.00
503.00
501.00
513.00
500.00
216.00
215.00
211.00
215.00
216.00
211.00
211.00
218.00
213.00
211.00
216.00
221.00
570.00
218.00
211.00
210.00
220.00
213.00
211.00
216.00
215.00
211.00
218.00
215.00
708.00
521.00
505.00
493.00
514.00
514.00
508.00
501.00
508.00
211.00
213.00
216.00
211.00
211.00
218.00
211.00
213.00
216.00
211.00
513.00
220.00
213.00
211.00
218.00
210.00
213.00
216.00
215.00
211.00
216.00
211.00
211.00
216.00
215.00
211.00
501.00
505.00
211.00
213.00
216.00
211.00
215.00
218.00
211.00
211.00
218.00
210.00
215.00
218.00
211.00
213.00
505.00
505.00
508.00
508.00
528.00
513.00
503.00
521.00
711.00
516.00
505.00
505.00
510.00
516.00
505.00
503.00
514.00
503.00
505.00
516.00
210.00
216.00
216.00
213.00
213.00
216.00
213.00
600.00
516.00
506.00
506.00
508.00
523.00
510.00
501.00
510.00
508.00
516.00
510.00
503.00
518.00
501.00
213.00
218.00
215.00
213.00
215.00
216.00
501.00
215.00
218.00
211.00
215.00
216.00
213.00
211.00
216.00
211.00
211.00
218.00
211.00
213.00
216.00
213.00
318.00
218.00
215.00
211.00
216.00
216.00
210.00
218.00
218.00
213.00
216.00
215.00
211.00
216.00
216.00
211.00
223.00
218.00
211.00
213.00
220.00
211.00
213.00
216.00
211.00
213.00
216.00
211.00
211.00
218.00
215.00
436.00
218.00
215.00
213.00
218.00
215.00
210.00
216.00
216.00
210.00
216.00
218.00
213.00
215.00
213.00
211.00
498.00
218.00
211.00
213.00
218.00
210.00
215.00
218.00
213.00
213.00
218.00
211.00
211.00
216.00
215.00
211.00
501.00
213.00
213.00
216.00
213.00
216.00
216.00
216.00
208.00
215.00
216.00
210.00
215.00
215.00
211.00
213.00
503.00
501.00
215.00
215.00
211.00
211.00
220.00
215.00
211.00
218.00
215.00
211.00
220.00
215.00
211.00
216.00
503.00
498.00
216.00
216.00
216.00
500.00
503.00
521.00
505.00
505.00
516.00
524.00
505.00
211.00
216.00
218.00
503.00
500.00
500.00
498.00
211.00
218.00
213.00
213.00
218.00
213.00
213.00
216.00
215.00
211.00
218.00
215.00
505.00
216.00
213.00
216.00
215.00
216.00
210.00
215.00
216.00
210.00
215.00
216.00
213.00
213.00
216.00
213.00
510.00
216.00
211.00
211.00
218.00
211.00
211.00
216.00
215.00
211.00
216.00
215.00
210.00
220.00
213.00
338.00
216.00
213.00
211.00
215.00
216.00
211.00
216.00
216.00
210.00
213.00
216.00
211.00
213.00
216.00
213.00
500.00
218.00
211.00
213.00
216.00
213.00
211.00
216.00
213.00
213.00
216.00
215.00
215.00
218.00
213.00
215.00
503.00
374.00
211.00
215.00
216.00
211.00
213.00
215.00
211.00
211.00
216.00
213.00
211.00
216.00
211.00
213.00
501.00
213.00
213.00
215.00
215.00
210.00
218.00
215.00
213.00
216.00
211.00
213.00
215.00
213.00
211.00
216.00
524.00
211.00
215.00
216.00
213.00
213.00
218.00
211.00
213.00
218.00
211.00
211.00
218.00
208.00
213.00
216.00
501.00
498.00
218.00
215.00
211.00
220.00
213.00
215.00
216.00
213.00
216.00
215.00
215.00
211.00
216.00
216.00
503.00
513.00
510.00
505.00
510.00
508.00
501.00
505.00
510.00
436.00
211.00
218.00
213.00
215.00
218.00
213.00
500.00
510.00
498.00
500.00
220.00
213.00
213.00
216.00
213.00
215.00
216.00
215.00
211.00
218.00
215.00
229.00
288.00
216.00
213.00
215.00
218.00
210.00
213.00
218.00
211.00
211.00
216.00
213.00
210.00
218.00
215.00
503.00
501.00
510.00
211.00
216.00
213.00
213.00
218.00
215.00
213.00
216.00
216.00
211.00
215.00
213.00
213.00
524.00
215.00
211.00
215.00
218.00
211.00
213.00
218.00
213.00
213.00
216.00
211.00
213.00
216.00
213.00
211.00
500.00
213.00
211.00
218.00
211.00
215.00
218.00
215.00
211.00
215.00
215.00
211.00
215.00
218.00
211.00
213.00
501.00
211.00
213.00
218.00
211.00
213.00
218.00
211.00
213.00
216.00
213.00
213.00
216.00
213.00
211.00
216.00
505.00
213.00
215.00
213.00
213.00
216.00
215.00
213.00
215.00
216.00
211.00
216.00
218.00
210.00
215.00
215.00
503.00
213.00
218.00
211.00
213.00
218.00
211.00
213.00
218.00
213.00
211.00
218.00
211.00
215.00
218.00
213.00
505.00
480.00
215.00
211.00
216.00
216.00
211.00
215.00
215.00
210.00
216.00
215.00
211.00
501.00
503.00
514.00
552.00
505.00
518.00
516.00
503.00
518.00
513.00
518.00
637.00
247.00
216.00
211.00
215.00
216.00
213.00
488.00
216.00
215.00
211.00
216.00
213.00
211.00
215.00
216.00
208.00
216.00
216.00
211.00
213.00
216.00
213.00
505.00
508.00
211.00
213.00
216.00
215.00
213.00
218.00
215.00
211.00
220.00
211.00
215.00
218.00
213.00
211.00
501.00
215.00
210.00
216.00
215.00
211.00
218.00
216.00
211.00
216.00
216.00
213.00
215.00
216.00
213.00
213.00
505.00
500.00
213.00
218.00
216.00
213.00
216.00
215.00
213.00
220.00
213.00
215.00
218.00
213.00
211.00
218.00
501.00
523.00
501.00
218.00
211.00
215.00
216.00
211.00
215.00
215.00
213.00
215.00
216.00
213.00
213.00
216.00
503.00
211.00
215.00
211.00
213.00
218.00
215.00
215.00
216.00
213.00
215.00
216.00
213.00
213.00
218.00
216.00
501.00
215.00
218.00
211.00
215.00
216.00
210.00
213.00
216.00
210.00
215.00
218.00
211.00
211.00
216.00
211.00
516.00
216.00
210.00
216.00
216.00
213.00
216.00
216.00
213.00
211.00
216.00
213.00
211.00
215.00
231.00
374.00
564.00
216.00
211.00
213.00
216.00
211.00
215.00
218.00
211.00
215.00
216.00
211.00
211.00
218.00
211.00
498.00
216.00
211.00
216.00
218.00
215.00
215.00
216.00
211.00
211.00
216.00
215.00
211.00
215.00
216.00
211.00
501.00
216.00
211.00
213.00
218.00
210.00
215.00
216.00
211.00
215.00
216.00
215.00
211.00
216.00
211.00
213.00
503.00
211.00
218.00
216.00
213.00
211.00
216.00
213.00
213.00
216.00
215.00
213.00
215.00
215.00
213.00
216.00
501.00
211.00
213.00
216.00
213.00
213.00
216.00
211.00
213.00
216.00
213.00
211.00
220.00
211.00
213.00
218.00
501.00
215.00
216.00
213.00
211.00
216.00
211.00
211.00
216.00
215.00
213.00
215.00
215.00
213.00
215.00
215.00
500.00
215.00
216.00
211.00
215.00
215.00
215.00
213.00
216.00
215.00
211.00
220.00
211.00
213.00
220.00
211.00
506.00
216.00
215.00
210.00
218.00
211.00
213.00
220.00
213.00
211.00
215.00
216.00
211.00
215.00
215.00
228.00
285.00
216.00
211.00
211.00
236.00
215.00
211.00
216.00
215.00
213.00
216.00
211.00
213.00
216.00
213.00
496.00
216.00
215.00
210.00
216.00
213.00
210.00
218.00
215.00
211.00
215.00
215.00
211.00
215.00
215.00
211.00
500.00
513.00
215.00
211.00
218.00
211.00
213.00
216.00
211.00
215.00
216.00
210.00
216.00
218.00
211.00
213.00
501.00
503.00
211.00
216.00
216.00
213.00
216.00
215.00
211.00
215.00
216.00
211.00
215.00
215.00
211.00
213.00
501.00
213.00
215.00
216.00
211.00
211.00
216.00
213.00
213.00
216.00
213.00
213.00
218.00
211.00
213.00
215.00
503.00
503.00
510.00
519.00
496.00
510.00
513.00
516.00
511.00
510.00
211.00
216.00
215.00
211.00
216.00
216.00
505.00
213.00
216.00
211.00
213.00
216.00
211.00
213.00
218.00
211.00
213.00
218.00
213.00
211.00
215.00
216.00
501.00
220.00
215.00
210.00
216.00
215.00
213.00
216.00
218.00
210.00
216.00
215.00
213.00
215.00
216.00
211.00
446.00
216.00
211.00
216.00
216.00
213.00
215.00
218.00
211.00
213.00
218.00
213.00
210.00
216.00
216.00
211.00
216.00
213.00
210.00
216.00
215.00
213.00
215.00
218.00
210.00
213.00
220.00
215.00
215.00
215.00
211.00
354.00
216.00
211.00
215.00
216.00
211.00
213.00
216.00
213.00
213.00
216.00
215.00
211.00
216.00
216.00
211.00
500.00
503.00
211.00
215.00
215.00
213.00
215.00
218.00
210.00
215.00
220.00
211.00
215.00
215.00
213.00
215.00
503.00
211.00
224.00
218.00
213.00
211.00
218.00
213.00
211.00
216.00
213.00
215.00
216.00
216.00
211.00
213.00
505.00
211.00
216.00
215.00
210.00
213.00
218.00
213.00
213.00
216.00
211.00
215.00
216.00
211.00
216.00
218.00
496.00
211.00
218.00
213.00
211.00
216.00
213.00
211.00
216.00
213.00
213.00
216.00
216.00
210.00
216.00
216.00
501.00
216.00
215.00
213.00
213.00
216.00
213.00
215.00
216.00
211.00
215.00
216.00
215.00
215.00
216.00
213.00
501.00
216.00
213.00
213.00
215.00
213.00
211.00
216.00
215.00
213.00
216.00
215.00
210.00
218.00
215.00
211.00
506.00
216.00
213.00
211.00
220.00
211.00
216.00
216.00
210.00
218.00
216.00
213.00
215.00
216.00
211.00
216.00
372.00
211.00
213.00
216.00
213.00
213.00
216.00
213.00
210.00
215.00
215.00
213.00
215.00
215.00
213.00
505.00
216.00
213.00
213.00
218.00
211.00
213.00
215.00
213.00
215.00
216.00
213.00
211.00
220.00
210.00
213.00
505.00
213.00
211.00
215.00
213.00
211.00
216.00
215.00
211.00
215.00
215.00
211.00
216.00
216.00
215.00
213.00
501.00
496.00
215.00
218.00
211.00
215.00
218.00
213.00
215.00
218.00
213.00
210.00
216.00
211.00
211.00
216.00
498.00
210.00
216.00
215.00
211.00
216.00
215.00
211.00
218.00
216.00
213.00
215.00
216.00
213.00
213.00
216.00
503.00
215.00
216.00
211.00
215.00
218.00
210.00
213.00
216.00
213.00
210.00
216.00
210.00
213.00
216.00
211.00
501.00
216.00
216.00
211.00
216.00
216.00
211.00
215.00
216.00
211.00
213.00
216.00
213.00
215.00
216.00
213.00
503.00
218.00
211.00
215.00
218.00
210.00
211.00
216.00
211.00
211.00
216.00
213.00
211.00
216.00
213.00
210.00
477.00
215.00
211.00
215.00
216.00
211.00
215.00
216.00
215.00
213.00
216.00
211.00
215.00
216.00
211.00
467.00
218.00
211.00
215.00
218.00
211.00
213.00
216.00
211.00
210.00
216.00
213.00
210.00
216.00
211.00
211.00
500.00
216.00
211.00
216.00
216.00
210.00
215.00
218.00
213.00
215.00
216.00
211.00
216.00
216.00
211.00
215.00
501.00
213.00
211.00
216.00
211.00
213.00
216.00
213.00
211.00
216.00
211.00
210.00
216.00
213.00
215.00
215.00
500.00
211.00
215.00
216.00
215.00
215.00
216.00
211.00
213.00
216.00
211.00
216.00
216.00
211.00
215.00
216.00
503.00
500.00
367.00
213.00
211.00
216.00
215.00
211.00
216.00
211.00
210.00
216.00
215.00
211.00
216.00
216.00
501.00
215.00
218.00
215.00
213.00
215.00
211.00
216.00
216.00
211.00
216.00
216.00
211.00
213.00
216.00
213.00
503.00
216.00
210.00
211.00
215.00
213.00
211.00
216.00
211.00
213.00
218.00
215.00
213.00
215.00
216.00
211.00
508.00
216.00
210.00
213.00
216.00
213.00
215.00
216.00
211.00
216.00
218.00
211.00
213.00
216.00
211.00
313.00
218.00
215.00
211.00
218.00
213.00
210.00
218.00
215.00
211.00
216.00
213.00
211.00
215.00
215.00
213.00
503.00
216.00
211.00
216.00
216.00
211.00
216.00
218.00
210.00
213.00
216.00
211.00
213.00
216.00
213.00
211.00
501.00
505.00
496.00
216.00
215.00
211.00
216.00
215.00
211.00
216.00
215.00
211.00
215.00
216.00
215.00
216.00
501.00
213.00
216.00
216.00
213.00
215.00
218.00
211.00
211.00
216.00
213.00
213.00
216.00
213.00
211.00
220.00
500.00
211.00
218.00
215.00
211.00
216.00
216.00
211.00
215.00
215.00
213.00
215.00
218.00
211.00
216.00
215.00
503.00
216.00
216.00
213.00
213.00
218.00
210.00
210.00
218.00
213.00
213.00
216.00
213.00
211.00
220.00
211.00
503.00
508.00
215.00
211.00
216.00
216.00
210.00
215.00
218.00
213.00
216.00
216.00
211.00
216.00
216.00
211.00
508.00
216.00
211.00
215.00
218.00
211.00
213.00
216.00
211.00
211.00
216.00
215.00
211.00
216.00
211.00
210.00
359.00
215.00
215.00
216.00
218.00
213.00
215.00
216.00
211.00
215.00
216.00
210.00
218.00
216.00
211.00
503.00
216.00
211.00
211.00
218.00
210.00
213.00
216.00
211.00
215.00
216.00
215.00
211.00
216.00
215.00
211.00
518.00
213.00
213.00
215.00
216.00
213.00
215.00
216.00
211.00
216.00
216.00
210.00
215.00
216.00
211.00
213.00
501.00
211.00
210.00
220.00
211.00
215.00
216.00
211.00
213.00
216.00
213.00
211.00
218.00
213.00
210.00
216.00
498.00
213.00
215.00
216.00
213.00
213.00
216.00
211.00
216.00
216.00
211.00
216.00
216.00
211.00
210.00
220.00
500.00
211.00
216.00
213.00
213.00
216.00
213.00
211.00
216.00
216.00
210.00
216.00
213.00
211.00
218.00
215.00
505.00
215.00
216.00
210.00
216.00
216.00
211.00
218.00
216.00
211.00
211.00
216.00
211.00
211.00
216.00
210.00
505.00
534.00
213.00
213.00
216.00
211.00
211.00
216.00
213.00
211.00
216.00
213.00
213.00
215.00
216.00
213.00
510.00
216.00
211.00
247.00
216.00
213.00
215.00
216.00
213.00
211.00
220.00
210.00
213.00
218.00
213.00
428.00
944.00
659.00
573.00
508.00
677.00
582.00
583.00
583.00
551.00
588.00
583.00
582.00
585.00
441.00
298.00
587.00
303.00
298.00
305.00
301.00
300.00
305.00
305.00
300.00
301.00
305.00
298.00
300.00
301.00
301.00
298.00
585.00
301.00
300.00
305.00
303.00
300.00
305.00
301.00
300.00
305.00
303.00
300.00
305.00
305.00
300.00
303.00
583.00
301.00
303.00
305.00
300.00
306.00
624.00
503.00
516.00
506.00
498.00
510.00
513.00
513.00
516.00
537.00
570.00
569.00
513.00
518.00
508.00
508.00
521.00
506.00
511.00
514.00
501.00
521.00
498.00
510.00
518.00
501.00
519.00
528.00
216.00
210.00
216.00
216.00
213.00
211.00
220.00
211.00
210.00
216.00
211.00
213.00
216.00
213.00
503.00
506.00
213.00
211.00
216.00
215.00
211.00
216.00
215.00
211.00
215.00
216.00
211.00
216.00
216.00
210.00
501.00
216.00
213.00
213.00
218.00
211.00
210.00
220.00
211.00
211.00
216.00
211.00
211.00
215.00
213.00
431.00
565.00
239.00
211.00
215.00
215.00
210.00
216.00
218.00
210.00
215.00
215.00
211.00
216.00
216.00
210.00
523.00
523.00
557.00
213.00
218.00
211.00
211.00
216.00
211.00
211.00
216.00
213.00
211.00
216.00
213.00
211.00
503.00
213.00
211.00
215.00
216.00
211.00
218.00
216.00
208.00
215.00
215.00
210.00
216.00
215.00
211.00
211.00
500.00
211.00
215.00
218.00
210.00
210.00
216.00
213.00
211.00
216.00
211.00
211.00
216.00
213.00
213.00
215.00
501.00
211.00
213.00
215.00
211.00
215.00
216.00
210.00
216.00
216.00
210.00
220.00
218.00
210.00
211.00
221.00
501.00
211.00
215.00
211.00
211.00
216.00
211.00
210.00
216.00
211.00
211.00
216.00
211.00
213.00
280.00
485.00
514.00
521.00
508.00
498.00
513.00
511.00
513.00
514.00
519.00
529.00
211.00
216.00
210.00
211.00
220.00
210.00
510.00
215.00
213.00
211.00
216.00
211.00
211.00
216.00
211.00
211.00
215.00
215.00
211.00
215.00
213.00
210.00
454.00
215.00
211.00
216.00
216.00
213.00
216.00
216.00
213.00
211.00
218.00
210.00
211.00
220.00
211.00
208.00
216.00
213.00
211.00
216.00
211.00
213.00
218.00
211.00
211.00
218.00
213.00
210.00
213.00
215.00
211.00
501.00
505.00
211.00
215.00
216.00
210.00
218.00
218.00
210.00
211.00
220.00
213.00
215.00
216.00
210.00
211.00
505.00
211.00
211.00
218.00
211.00
210.00
215.00
213.00
211.00
215.00
215.00
211.00
218.00
213.00
211.00
215.00
500.00
211.00
216.00
216.00
211.00
211.00
216.00
211.00
213.00
220.00
211.00
211.00
218.00
211.00
211.00
216.00
498.00
213.00
216.00
211.00
211.00
216.00
215.00
211.00
215.00
215.00
211.00
213.00
215.00
213.00
216.00
215.00
501.00
215.00
216.00
211.00
211.00
220.00
213.00
211.00
220.00
213.00
210.00
215.00
210.00
210.00
216.00
211.00
500.00
216.00
213.00
210.00
216.00
213.00
211.00
215.00
215.00
210.00
215.00
216.00
636.00
514.00
513.00
505.00
516.00
508.00
514.00
500.00
510.00
505.00
508.00
513.00
498.00
321.00
215.00
215.00
213.00
218.00
213.00
210.00
472.00
213.00
208.00
216.00
216.00
210.00
216.00
215.00
211.00
216.00
216.00
211.00
216.00
216.00
211.00
451.00
274.00
211.00
211.00
220.00
210.00
213.00
216.00
211.00
210.00
216.00
213.00
210.00
216.00
213.00
211.00
500.00
215.00
210.00
216.00
215.00
210.00
215.00
215.00
211.00
216.00
213.00
210.00
213.00
216.00
211.00
213.00
505.00
501.00
213.00
218.00
211.00
213.00
216.00
211.00
210.00
220.00
213.00
210.00
216.00
211.00
210.00
215.00
501.00
505.00
218.00
213.00
211.00
218.00
215.00
213.00
218.00
215.00
210.00
213.00
216.00
211.00
211.00
218.00
500.00
211.00
216.00
213.00
211.00
216.00
213.00
211.00
216.00
211.00
211.00
215.00
215.00
210.00
216.00
216.00
500.00
215.00
213.00
211.00
215.00
216.00
213.00
216.00
218.00
210.00
211.00
220.00
211.00
211.00
216.00
211.00
501.00
216.00
211.00
211.00
218.00
211.00
211.00
216.00
211.00
211.00
215.00
213.00
210.00
216.00
215.00
210.00
513.00
216.00
213.00
216.00
216.00
211.00
211.00
215.00
210.00
213.00
909.00
514.00
513.00
521.00
516.00
516.00
562.00
549.00
511.00
510.00
513.00
505.00
508.00
500.00
498.00
513.00
513.00
211.00
216.00
215.00
213.00
496.00
216.00
211.00
220.00
216.00
210.00
215.00
220.00
213.00
213.00
220.00
213.00
211.00
218.00
210.00
213.00
505.00
211.00
211.00
215.00
213.00
210.00
216.00
215.00
210.00
218.00
213.00
213.00
216.00
215.00
210.00
213.00
500.00
503.00
220.00
216.00
211.00
211.00
220.00
210.00
213.00
218.00
211.00
211.00
216.00
211.00
213.00
216.00
496.00
213.00
216.00
215.00
211.00
216.00
213.00
211.00
215.00
215.00
211.00
213.00
215.00
208.00
218.00
216.00
501.00
213.00
216.00
211.00
211.00
220.00
211.00
211.00
218.00
211.00
211.00
218.00
213.00
211.00
216.00
211.00
503.00
216.00
213.00
211.00
218.00
213.00
210.00
218.00
215.00
211.00
215.00
216.00
211.00
218.00
215.00
211.00
506.00
218.00
211.00
213.00
220.00
210.00
210.00
216.00
210.00
213.00
216.00
211.00
211.00
216.00
213.00
221.00
303.00
213.00
211.00
215.00
213.00
211.00
216.00
216.00
210.00
216.00
216.00
211.00
211.00
216.00
211.00
498.00
218.00
213.00
213.00
221.00
210.00
210.00
218.00
211.00
500.00
511.00
508.00
500.00
505.00
510.00
523.00
510.00
537.00
267.00
218.00
215.00
211.00
215.00
213.00
211.00
216.00
216.00
211.00
211.00
220.00
210.00
215.00
503.00
213.00
211.00
218.00
210.00
211.00
218.00
210.00
211.00
216.00
211.00
210.00
216.00
213.00
211.00
215.00
500.00
211.00
218.00
215.00
213.00
216.00
215.00
211.00
216.00
216.00
211.00
211.00
218.00
211.00
211.00
218.00
505.00
501.00
216.00
210.00
211.00
216.00
211.00
211.00
216.00
213.00
210.00
216.00
215.00
210.00
215.00
213.00
501.00
220.00
216.00
211.00
223.00
216.00
211.00
213.00
216.00
210.00
215.00
218.00
210.00
213.00
218.00
213.00
498.00
508.00
213.00
213.00
216.00
211.00
210.00
215.00
211.00
211.00
218.00
211.00
210.00
218.00
215.00
211.00
541.00
234.00
210.00
218.00
215.00
211.00
215.00
216.00
213.00
213.00
218.00
210.00
211.00
216.00
211.00
477.00
216.00
211.00
211.00
216.00
211.00
211.00
215.00
215.00
211.00
216.00
211.00
213.00
215.00
215.00
210.00
505.00
215.00
210.00
213.00
215.00
213.00
211.00
218.00
213.00
211.00
220.00
211.00
211.00
216.00
215.00
211.00
501.00
213.00
211.00
215.00
211.00
211.00
283.00
518.00
521.00
511.00
521.00
506.00
518.00
510.00
510.00
439.00
501.00
213.00
213.00
220.00
211.00
213.00
218.00
211.00
211.00
218.00
211.00
211.00
215.00
211.00
211.00
218.00
500.00
211.00
218.00
211.00
210.00
216.00
213.00
210.00
215.00
213.00
210.00
216.00
215.00
211.00
213.00
215.00
496.00
398.00
220.00
210.00
211.00
218.00
210.00
211.00
216.00
213.00
211.00
216.00
213.00
211.00
216.00
210.00
501.00
516.00
211.00
213.00
215.00
216.00
210.00
215.00
218.00
211.00
218.00
215.00
211.00
211.00
220.00
210.00
505.00
220.00
210.00
211.00
216.00
211.00
211.00
218.00
213.00
211.00
216.00
211.00
211.00
218.00
213.00
390.00
215.00
213.00
211.00
215.00
213.00
208.00
215.00
215.00
211.00
216.00
216.00
211.00
213.00
220.00
213.00
500.00
218.00
211.00
211.00
216.00
213.00
211.00
216.00
213.00
211.00
216.00
211.00
211.00
215.00
213.00
208.00
501.00
215.00
211.00
215.00
216.00
210.00
218.00
215.00
211.00
215.00
216.00
211.00
211.00
220.00
211.00
210.00
500.00
211.00
211.00
216.00
213.00
211.00
216.00
211.00
211.00
216.00
213.00
211.00
216.00
213.00
211.00
216.00
500.00
211.00
215.00
215.00
298.00
513.00
513.00
503.00
508.00
510.00
503.00
526.00
501.00
516.00
211.00
218.00
501.00
215.00
216.00
215.00
211.00
216.00
211.00
211.00
216.00
213.00
211.00
216.00
213.00
211.00
216.00
215.00
503.00
213.00
218.00
211.00
213.00
216.00
210.00
213.00
220.00
211.00
213.00
218.00
210.00
211.00
216.00
233.00
506.00
216.00
211.00
211.00
216.00
211.00
211.00
216.00
213.00
210.00
216.00
211.00
213.00
215.00
215.00
211.00
577.00
216.00
211.00
215.00
215.00
213.00
213.00
218.00
213.00
211.00
221.00
210.00
211.00
218.00
213.00
210.00
216.00
211.00
210.00
216.00
215.00
211.00
218.00
211.00
211.00
216.00
211.00
211.00
216.00
213.00
210.00
498.00
506.00
211.00
215.00
218.00
210.00
213.00
218.00
211.00
211.00
215.00
210.00
213.00
216.00
211.00
213.00
505.00
506.00
210.00
218.00
213.00
210.00
216.00
211.00
211.00
215.00
216.00
211.00
216.00
215.00
211.00
215.00
510.00
503.00
500.00
519.00
503.00
505.00
532.00
523.00
510.00
510.00
510.00
211.00
216.00
211.00
213.00
216.00
500.00
210.00
218.00
213.00
210.00
216.00
213.00
213.00
216.00
216.00
213.00
216.00
216.00
211.00
213.00
216.00
501.00
213.00
616.00
521.00
521.00
516.00
505.00
516.00
516.00
500.00
518.00
511.00
211.00
211.00
239.00
213.00
500.00
216.00
213.00
210.00
216.00
215.00
211.00
218.00
216.00
210.00
215.00
215.00
213.00
213.00
218.00
211.00
503.00
218.00
210.00
215.00
216.00
213.00
211.00
216.00
216.00
211.00
216.00
211.00
211.00
215.00
213.00
211.00
514.00
213.00
210.00
215.00
216.00
211.00
215.00
215.00
210.00
213.00
218.00
213.00
215.00
220.00
211.00
424.00
564.00
213.00
213.00
216.00
215.00
213.00
218.00
211.00
211.00
218.00
213.00
211.00
216.00
213.00
211.00
501.00
215.00
211.00
218.00
215.00
211.00
215.00
215.00
210.00
215.00
216.00
210.00
215.00
216.00
211.00
213.00
500.00
213.00
213.00
216.00
215.00
213.00
215.00
211.00
210.00
216.00
211.00
213.00
216.00
216.00
211.00
215.00
503.00
211.00
216.00
215.00
211.00
213.00
215.00
210.00
215.00
220.00
210.00
211.00
218.00
211.00
213.00
218.00
500.00
213.00
216.00
211.00
211.00
216.00
210.00
213.00
216.00
211.00
213.00
215.00
215.00
210.00
215.00
218.00
501.00
216.00
215.00
211.00
231.00
215.00
213.00
215.00
220.00
210.00
211.00
218.00
211.00
213.00
218.00
224.00
513.00
523.00
521.00
518.00
510.00
500.00
506.00
518.00
496.00
503.00
524.00
215.00
211.00
215.00
216.00
211.00
513.00
215.00
211.00
213.00
216.00
211.00
211.00
218.00
210.00
213.00
218.00
215.00
215.00
216.00
213.00
313.00
218.00
211.00
213.00
216.00
211.00
210.00
216.00
211.00
213.00
216.00
213.00
211.00
215.00
215.00
210.00
500.00
526.00
210.00
213.00
220.00
211.00
211.00
218.00
210.00
215.00
216.00
215.00
211.00
218.00
211.00
210.00
508.00
211.00
213.00
216.00
213.00
211.00
216.00
215.00
211.00
216.00
215.00
213.00
213.00
215.00
211.00
215.00
501.00
213.00
213.00
221.00
210.00
211.00
218.00
213.00
215.00
216.00
213.00
213.00
215.00
211.00
211.00
216.00
498.00
211.00
216.00
213.00
211.00
216.00
213.00
211.00
215.00
215.00
211.00
213.00
216.00
213.00
213.00
218.00
505.00
213.00
221.00
211.00
211.00
218.00
241.00
211.00
216.00
215.00
233.00
218.00
213.00
213.00
216.00
211.00
501.00
216.00
213.00
213.00
216.00
213.00
213.00
215.00
216.00
211.00
213.00
216.00
210.00
215.00
218.00
213.00
505.00
216.00
211.00
211.00
218.00
213.00
211.00
218.00
211.00
211.00
216.00
213.00
210.00
285.00
729.00
508.00
536.00
521.00
516.00
505.00
523.00
513.00
511.00
513.00
272.00
213.00
216.00
210.00
213.00
218.00
211.00
503.00
216.00
216.00
211.00
220.00
213.00
211.00
216.00
213.00
211.00
218.00
213.00
210.00
216.00
211.00
211.00
505.00
215.00
210.00
216.00
215.00
211.00
215.00
215.00
211.00
215.00
218.00
211.00
213.00
216.00
213.00
213.00
500.00
508.00
211.00
216.00
213.00
211.00
216.00
213.00
211.00
218.00
215.00
210.00
216.00
213.00
211.00
216.00
501.00
211.00
213.00
215.00
211.00
215.00
216.00
211.00
216.00
218.00
210.00
215.00
216.00
211.00
213.00
216.00
505.00
211.00
215.00
211.00
213.00
216.00
213.00
213.00
216.00
210.00
208.00
215.00
213.00
211.00
216.00
215.00
546.00
215.00
215.00
211.00
215.00
220.00
211.00
211.00
218.00
210.00
213.00
216.00
215.00
211.00
218.00
215.00
501.00
216.00
210.00
211.00
215.00
215.00
211.00
213.00
211.00
210.00
218.00
215.00
211.00
215.00
215.00
208.00
500.00
216.00
210.00
216.00
218.00
211.00
215.00
216.00
213.00
213.00
215.00
215.00
211.00
216.00
211.00
455.00
216.00
211.00
213.00
216.00
213.00
211.00
215.00
215.00
211.00
216.00
215.00
321.00
500.00
516.00
514.00
506.00
523.00
496.00
516.00
513.00
510.00
213.00
215.00
215.00
213.00
218.00
213.00
211.00
218.00
211.00
211.00
508.00
213.00
211.00
216.00
213.00
210.00
218.00
213.00
211.00
216.00
213.00
211.00
213.00
215.00
211.00
216.00
505.00
213.00
213.00
216.00
210.00
213.00
216.00
213.00
211.00
215.00
213.00
215.00
215.00
211.00
211.00
215.00
500.00
496.00
216.00
213.00
211.00
215.00
213.00
213.00
215.00
216.00
211.00
215.00
218.00
211.00
216.00
218.00
501.00
213.00
216.00
216.00
213.00
220.00
234.00
210.00
220.00
211.00
211.00
215.00
211.00
210.00
216.00
211.00
503.00
218.00
213.00
211.00
216.00
215.00
211.00
215.00
215.00
211.00
216.00
216.00
211.00
215.00
218.00
210.00
503.00
216.00
215.00
211.00
216.00
211.00
213.00
216.00
211.00
213.00
216.00
211.00
210.00
216.00
213.00
301.00
523.00
213.00
215.00
215.00
215.00
210.00
215.00
215.00
211.00
215.00
218.00
211.00
211.00
216.00
210.00
498.00
216.00
218.00
211.00
216.00
211.00
211.00
218.00
213.00
210.00
218.00
211.00
211.00
218.00
213.00
211.00
500.00
213.00
211.00
215.00
216.00
210.00
218.00
215.00
211.00
215.00
598.00
514.00
510.00
516.00
521.00
511.00
510.00
523.00
506.00
521.00
514.00
495.00
519.00
498.00
521.00
513.00
211.00
211.00
216.00
216.00
211.00
215.00
500.00
211.00
215.00
215.00
211.00
215.00
216.00
211.00
215.00
218.00
211.00
215.00
216.00
236.00
215.00
215.00
505.00
211.00
218.00
213.00
213.00
216.00
210.00
213.00
216.00
215.00
211.00
216.00
231.00
210.00
216.00
213.00
500.00
505.00
216.00
211.00
213.00
218.00
211.00
215.00
216.00
213.00
213.00
216.00
216.00
213.00
216.00
213.00
503.00
216.00
213.00
211.00
218.00
213.00
211.00
215.00
215.00
210.00
218.00
213.00
210.00
216.00
215.00
233.00
505.00
216.00
210.00
213.00
218.00
211.00
215.00
215.00
215.00
215.00
218.00
216.00
211.00
216.00
210.00
496.00
516.00
213.00
211.00
216.00
210.00
211.00
216.00
215.00
210.00
215.00
211.00
211.00
215.00
216.00
211.00
501.00
226.00
210.00
215.00
216.00
211.00
213.00
216.00
215.00
211.00
216.00
215.00
211.00
218.00
211.00
215.00
501.00
211.00
211.00
216.00
213.00
211.00
218.00
213.00
210.00
216.00
215.00
213.00
216.00
215.00
211.00
215.00
505.00
506.00
216.00
216.00
213.00
211.00
216.00
238.00
506.00
516.00
505.00
518.00
508.00
518.00
513.00
513.00
603.00
519.00
216.00
213.00
211.00
215.00
216.00
210.00
213.00
218.00
210.00
216.00
215.00
210.00
215.00
216.00
495.00
215.00
229.00
213.00
213.00
220.00
215.00
211.00
216.00
211.00
213.00
216.00
211.00
211.00
