0.00
0.00
0.00
0.00
0.00
0.00
0.00
0.00
0.00
0.00
0.00
0.00
0.00
0.00
0.00
0.00
0.00
0.00
0.00
0.00
0.00
0.00
0.00
0.00
0.00
0.00
0.00
0.00
0.00
0.00
0.00
0.00
0.00
0.00
0.00
0.00
0.00
0.00
0.00
0.00
0.00
0.00
0.00
0.00
0.00
0.00
0.00
0.00
0.00
0.00
0.00
0.00
0.00
0.00
0.00
0.00
0.00
0.00
0.00
0.00
0.00
0.00
0.00
0.00
0.00
0.00
0.00
0.00
0.00
0.00
0.00
0.00
0.00
0.00
0.00
0.00
0.00
0.00
0.00
0.00
0.00
0.00
0.00
0.00
0.00
0.00
0.00
0.00
0.00
0.00
0.00
0.00
0.00
0.00
0.00
0.00
0.00
0.00
0.00
0.00
0.00
0.00
0.00
0.00
0.00
0.00
0.00
0.00
0.00
0.00
0.00
0.00
0.00
0.00
0.00
0.00
0.00
0.00
0.00
0.00
0.00
0.00
0.00
0.00
0.00
0.00
0.00
0.00
0.00
0.00
0.00
0.00
0.00
0.00
0.00
0.00
0.00
0.00
0.00
0.00
0.00
0.00
0.00
0.00
0.00
0.00
0.00
0.00
0.00
0.00
0.00
0.00
0.00
0.00
0.00
0.00
0.00
0.00
0.00
0.00
0.00
0.00
0.00
0.00
0.00
0.00
0.00
0.00
0.00
0.00
0.00
0.00
0.00
0.00
0.00
0.00
0.00
0.00
0.00
0.00
0.00
0.00
0.00
0.00
0.00
0.00
0.00
0.00
0.00
0.00
0.00
0.00
0.00
0.00
0.00
0.00
0.00
0.00
0.00
0.00
282.00
121.00
136.00
138.00
131.00
257.00
252.00
257.00
259.00
262.00
264.00
265.00
265.00
264.00
269.00
265.00
285.00
292.00
283.00
283.00
290.00
283.00
283.00
288.00
282.00
282.00
288.00
285.00
282.00
287.00
287.00
283.00
285.00
287.00
283.00
285.00
288.00
282.00
285.00
288.00
262.00
283.00
288.00
283.00
280.00
261.00
256.00
220.00
301.00
319.00
321.00
324.00
321.00
279.00
283.00
267.00
265.00
200.00
197.00
193.00
198.00
197.00
193.00
193.00
198.00
195.00
195.00
198.00
193.00
197.00
198.00
193.00
197.00
202.00
193.00
195.00
200.00
193.00
195.00
198.00
195.00
192.00
198.00
197.00
192.00
198.00
195.00
192.00
197.00
195.00
192.00
197.00
197.00
192.00
195.00
198.00
197.00
195.00
198.00
195.00
197.00
198.00
193.00
197.00
200.00
195.00
193.00
198.00
193.00
192.00
200.00
195.00
192.00
198.00
195.00
192.00
197.00
195.00
192.00
195.00
197.00
192.00
193.00
197.00
193.00
197.00
197.00
192.00
195.00
197.00
195.00
197.00
198.00
195.00
193.00
198.00
193.00
193.00
198.00
193.00
193.00
198.00
195.00
192.00
198.00
195.00
193.00
197.00
197.00
193.00
197.00
200.00
192.00
195.00
198.00
197.00
195.00
198.00
193.00
195.00
198.00
193.00
197.00
200.00
195.00
195.00
198.00
197.00
193.00
198.00
197.00
192.00
200.00
195.00
192.00
198.00
195.00
195.00
195.00
198.00
195.00
197.00
202.00
195.00
197.00
200.00
195.00
197.00
202.00
195.00
197.00
202.00
193.00
195.00
202.00
195.00
193.00
198.00
195.00
193.00
198.00
195.00
192.00
198.00
195.00
192.00
200.00
198.00
195.00
198.00
198.00
200.00
195.00
200.00
197.00
195.00
200.00
193.00
197.00
200.00
193.00
197.00
200.00
195.00
193.00
198.00
193.00
193.00
198.00
195.00
192.00
198.00
197.00
193.00
197.00
197.00
192.00
197.00
198.00
192.00
197.00
198.00
198.00
195.00
198.00
197.00
195.00
202.00
195.00
197.00
200.00
193.00
197.00
198.00
193.00
193.00
198.00
195.00
192.00
197.00
193.00
192.00
198.00
197.00
192.00
197.00
198.00
193.00
198.00
198.00
198.00
197.00
198.00
197.00
195.00
206.00
195.00
195.00
202.00
193.00
195.00
198.00
193.00
193.00
198.00
195.00
192.00
198.00
193.00
193.00
198.00
195.00
192.00
198.00
197.00
193.00
197.00
198.00
193.00
197.00
198.00
197.00
195.00
198.00
198.00
195.00
200.00
195.00
197.00
200.00
193.00
193.00
200.00
193.00
195.00
198.00
193.00
192.00
198.00
197.00
193.00
198.00
198.00
192.00
197.00
200.00
193.00
198.00
198.00
200.00
198.00
198.00
197.00
195.00
200.00
193.00
195.00
200.00
193.00
193.00
200.00
193.00
193.00
198.00
195.00
192.00
198.00
193.00
193.00
198.00
197.00
193.00
198.00
197.00
192.00
197.00
198.00
193.00
197.00
198.00
195.00
195.00
198.00
197.00
195.00
200.00
195.00
195.00
198.00
193.00
193.00
198.00
195.00
192.00
198.00
272.00
270.00
203.00
341.00
324.00
357.00
364.00
798.00
757.00
526.00
446.00
569.00
583.00
623.00
582.00
582.00
578.00
582.00
583.00
577.00
580.00
583.00
580.00
578.00
583.00
580.00
580.00
583.00
577.00
580.00
580.00
578.00
578.00
591.00
582.00
577.00
600.00
585.00
578.00
583.00
585.00
580.00
582.00
585.00
578.00
582.00
587.00
578.00
583.00
585.00
580.00
582.00
583.00
580.00
582.00
585.00
578.00
578.00
585.00
580.00
580.00
585.00
582.00
582.00
587.00
585.00
577.00
582.00
582.00
578.00
582.00
585.00
580.00
582.00
585.00
578.00
582.00
582.00
580.00
582.00
585.00
580.00
582.00
583.00
580.00
585.00
585.00
580.00
580.00
583.00
596.00
508.00
519.00
885.00
505.00
516.00
555.00
508.00
500.00
523.00
524.00
503.00
516.00
501.00
505.00
514.00
493.00
495.00
493.00
208.00
208.00
213.00
208.00
210.00
216.00
500.00
213.00
216.00
213.00
210.00
218.00
211.00
211.00
218.00
213.00
210.00
215.00
213.00
211.00
215.00
215.00
501.00
215.00
216.00
210.00
213.00
215.00
208.00
211.00
216.00
210.00
210.00
216.00
210.00
213.00
216.00
211.00
513.00
508.00
211.00
210.00
220.00
213.00
213.00
218.00
213.00
213.00
215.00
218.00
210.00
213.00
216.00
395.00
213.00
215.00
210.00
213.00
215.00
210.00
211.00
215.00
210.00
210.00
752.00
508.00
529.00
513.00
516.00
516.00
537.00
503.00
510.00
521.00
524.00
519.00
523.00
215.00
211.00
215.00
218.00
211.00
215.00
215.00
210.00
498.00
513.00
210.00
210.00
215.00
210.00
210.00
216.00
210.00
213.00
215.00
211.00
210.00
216.00
213.00
210.00
510.00
506.00
211.00
221.00
213.00
210.00
218.00
213.00
211.00
215.00
215.00
213.00
215.00
216.00
210.00
213.00
503.00
495.00
213.00
215.00
210.00
211.00
215.00
213.00
213.00
216.00
213.00
210.00
218.00
211.00
210.00
220.00
506.00
210.00
218.00
215.00
211.00
215.00
216.00
211.00
215.00
216.00
211.00
211.00
215.00
210.00
213.00
216.00
501.00
210.00
216.00
208.00
210.00
216.00
211.00
213.00
216.00
211.00
211.00
220.00
211.00
213.00
218.00
215.00
508.00
216.00
215.00
211.00
215.00
215.00
211.00
213.00
215.00
210.00
211.00
216.00
210.00
210.00
215.00
261.00
228.00
216.00
211.00
213.00
216.00
211.00
211.00
216.00
215.00
211.00
220.00
216.00
210.00
220.00
215.00
498.00
503.00
503.00
500.00
215.00
215.00
210.00
211.00
215.00
210.00
211.00
216.00
210.00
211.00
216.00
210.00
496.00
215.00
211.00
213.00
218.00
211.00
210.00
261.00
508.00
503.00
529.00
508.00
498.00
518.00
518.00
605.00
505.00
516.00
506.00
505.00
215.00
210.00
211.00
216.00
208.00
213.00
215.00
210.00
211.00
215.00
211.00
210.00
501.00
528.00
211.00
216.00
211.00
213.00
218.00
213.00
211.00
220.00
216.00
211.00
213.00
215.00
210.00
215.00
508.00
500.00
213.00
215.00
210.00
211.00
215.00
211.00
211.00
218.00
211.00
210.00
215.00
210.00
213.00
216.00
500.00
210.00
216.00
213.00
211.00
218.00
215.00
211.00
218.00
215.00
210.00
213.00
216.00
210.00
213.00
215.00
501.00
501.00
215.00
210.00
213.00
215.00
208.00
211.00
215.00
210.00
210.00
215.00
213.00
213.00
218.00
208.00
360.00
220.00
213.00
211.00
221.00
215.00
211.00
215.00
216.00
210.00
213.00
216.00
210.00
213.00
215.00
508.00
208.00
216.00
210.00
210.00
216.00
208.00
210.00
215.00
208.00
210.00
215.00
211.00
210.00
215.00
211.00
496.00
218.00
216.00
210.00
220.00
215.00
210.00
216.00
218.00
211.00
215.00
215.00
211.00
211.00
216.00
210.00
498.00
218.00
210.00
211.00
216.00
210.00
213.00
216.00
211.00
213.00
216.00
213.00
210.00
218.00
213.00
211.00
505.00
215.00
210.00
215.00
215.00
210.00
213.00
215.00
211.00
213.00
218.00
210.00
211.00
216.00
210.00
213.00
506.00
501.00
208.00
215.00
210.00
210.00
216.00
213.00
210.00
216.00
211.00
211.00
220.00
215.00
211.00
216.00
506.00
495.00
213.00
215.00
210.00
215.00
215.00
210.00
213.00
215.00
211.00
210.00
215.00
211.00
211.00
216.00
501.00
496.00
216.00
213.00
211.00
215.00
211.00
210.00
216.00
211.00
210.00
218.00
215.00
210.00
221.00
211.00
496.00
570.00
218.00
211.00
213.00
215.00
208.00
211.00
216.00
210.00
211.00
215.00
210.00
210.00
216.00
454.00
208.00
216.00
211.00
215.00
216.00
213.00
211.00
216.00
213.00
211.00
218.00
216.00
216.00
215.00
215.00
498.00
506.00
216.00
211.00
213.00
216.00
211.00
211.00
216.00
211.00
210.00
216.00
211.00
210.00
218.00
210.00
498.00
215.00
213.00
208.00
216.00
213.00
210.00
218.00
215.00
211.00
218.00
215.00
211.00
213.00
218.00
210.00
496.00
537.00
532.00
506.00
510.00
505.00
516.00
526.00
510.00
523.00
501.00
519.00
213.00
215.00
211.00
211.00
505.00
505.00
210.00
216.00
213.00
211.00
218.00
215.00
211.00
213.00
218.00
211.00
213.00
220.00
210.00
213.00
513.00
523.00
496.00
500.00
503.00
498.00
503.00
495.00
498.00
516.00
211.00
213.00
215.00
211.00
210.00
216.00
508.00
496.00
218.00
216.00
211.00
220.00
216.00
211.00
215.00
218.00
211.00
213.00
218.00
211.00
213.00
216.00
508.00
498.00
505.00
501.00
210.00
216.00
210.00
210.00
215.00
213.00
210.00
216.00
211.00
210.00
216.00
372.00
559.00
542.00
519.00
501.00
505.00
529.00
510.00
519.00
513.00
521.00
544.00
216.00
211.00
211.00
218.00
500.00
501.00
503.00
496.00
503.00
216.00
210.00
211.00
215.00
211.00
210.00
216.00
215.00
210.00
287.00
528.00
505.00
526.00
510.00
524.00
516.00
500.00
506.00
503.00
220.00
211.00
213.00
216.00
213.00
211.00
218.00
211.00
496.00
510.00
500.00
213.00
215.00
213.00
210.00
216.00
213.00
210.00
215.00
213.00
210.00
216.00
215.00
211.00
505.00
215.00
213.00
213.00
218.00
211.00
213.00
218.00
211.00
211.00
216.00
211.00
211.00
216.00
211.00
211.00
508.00
211.00
210.00
216.00
211.00
210.00
216.00
213.00
213.00
215.00
215.00
516.00
603.00
523.00
505.00
505.00
516.00
523.00
532.00
506.00
526.00
518.00
536.00
213.00
213.00
218.00
216.00
211.00
513.00
608.00
529.00
531.00
521.00
519.00
537.00
508.00
531.00
503.00
501.00
496.00
500.00
503.00
500.00
288.00
216.00
213.00
213.00
239.00
565.00
213.00
220.00
211.00
213.00
220.00
211.00
213.00
216.00
213.00
211.00
218.00
211.00
210.00
216.00
211.00
510.00
216.00
211.00
210.00
215.00
215.00
211.00
236.00
215.00
211.00
213.00
216.00
211.00
215.00
220.00
506.00
213.00
218.00
213.00
213.00
216.00
211.00
211.00
216.00
211.00
210.00
218.00
211.00
211.00
216.00
211.00
500.00
506.00
215.00
210.00
215.00
216.00
210.00
216.00
215.00
211.00
213.00
218.00
211.00
213.00
220.00
211.00
496.00
508.00
211.00
213.00
216.00
215.00
210.00
216.00
211.00
211.00
216.00
213.00
210.00
215.00
213.00
210.00
503.00
211.00
211.00
215.00
215.00
213.00
218.00
218.00
211.00
213.00
221.00
211.00
215.00
220.00
211.00
215.00
508.00
500.00
211.00
218.00
211.00
211.00
215.00
210.00
211.00
216.00
213.00
210.00
215.00
216.00
210.00
215.00
506.00
501.00
218.00
215.00
211.00
213.00
216.00
510.00
513.00
510.00
521.00
513.00
510.00
518.00
510.00
501.00
523.00
510.00
526.00
529.00
211.00
216.00
211.00
211.00
215.00
213.00
210.00
216.00
215.00
210.00
216.00
213.00
462.00
216.00
216.00
211.00
213.00
218.00
210.00
213.00
220.00
211.00
211.00
220.00
211.00
211.00
216.00
474.00
557.00
218.00
211.00
211.00
216.00
213.00
211.00
216.00
213.00
211.00
215.00
215.00
210.00
213.00
216.00
495.00
510.00
216.00
211.00
213.00
218.00
211.00
213.00
220.00
211.00
211.00
218.00
211.00
210.00
216.00
213.00
496.00
500.00
213.00
210.00
216.00
215.00
210.00
216.00
213.00
210.00
215.00
216.00
211.00
215.00
215.00
210.00
500.00
216.00
211.00
211.00
220.00
211.00
211.00
221.00
211.00
215.00
218.00
215.00
211.00
218.00
213.00
211.00
501.00
213.00
213.00
215.00
213.00
210.00
215.00
215.00
210.00
213.00
215.00
210.00
220.00
216.00
211.00
213.00
510.00
213.00
211.00
220.00
211.00
211.00
218.00
210.00
211.00
218.00
213.00
211.00
216.00
211.00
211.00
215.00
503.00
210.00
215.00
213.00
210.00
211.00
216.00
210.00
213.00
216.00
226.00
211.00
216.00
211.00
211.00
220.00
510.00
213.00
220.00
588.00
524.00
511.00
506.00
529.00
501.00
501.00
496.00
505.00
211.00
210.00
215.00
324.00
564.00
216.00
261.00
210.00
215.00
216.00
211.00
218.00
218.00
213.00
213.00
220.00
211.00
213.00
223.00
498.00
211.00
220.00
213.00
213.00
216.00
216.00
210.00
216.00
213.00
210.00
216.00
215.00
210.00
215.00
215.00
496.00
511.00
218.00
210.00
215.00
218.00
210.00
216.00
216.00
211.00
211.00
218.00
211.00
213.00
220.00
211.00
496.00
216.00
211.00
213.00
216.00
211.00
213.00
216.00
215.00
210.00
213.00
215.00
210.00
216.00
215.00
208.00
501.00
215.00
211.00
213.00
215.00
213.00
211.00
220.00
211.00
211.00
220.00
213.00
213.00
220.00
211.00
213.00
508.00
216.00
211.00
216.00
213.00
211.00
216.00
213.00
213.00
213.00
215.00
211.00
215.00
218.00
210.00
213.00
506.00
210.00
218.00
216.00
211.00
213.00
220.00
213.00
213.00
218.00
213.00
211.00
220.00
213.00
210.00
216.00
503.00
211.00
216.00
213.00
211.00
215.00
215.00
210.00
213.00
215.00
210.00
211.00
216.00
211.00
213.00
215.00
336.00
211.00
220.00
211.00
213.00
221.00
213.00
213.00
220.00
211.00
213.00
216.00
213.00
211.00
216.00
498.00
516.00
506.00
498.00
496.00
503.00
498.00
496.00
503.00
215.00
211.00
213.00
216.00
211.00
215.00
216.00
495.00
510.00
505.00
519.00
211.00
218.00
211.00
211.00
220.00
213.00
211.00
216.00
216.00
210.00
216.00
213.00
496.00
508.00
218.00
210.00
216.00
215.00
210.00
215.00
215.00
213.00
211.00
215.00
211.00
215.00
218.00
211.00
498.00
513.00
211.00
211.00
220.00
213.00
215.00
216.00
213.00
211.00
216.00
215.00
211.00
218.00
213.00
210.00
508.00
215.00
210.00
215.00
215.00
213.00
211.00
216.00
211.00
213.00
216.00
211.00
211.00
216.00
211.00
211.00
511.00
215.00
211.00
220.00
211.00
211.00
218.00
216.00
213.00
215.00
213.00
213.00
215.00
213.00
210.00
215.00
506.00
210.00
213.00
216.00
213.00
231.00
216.00
213.00
216.00
218.00
211.00
211.00
220.00
213.00
213.00
218.00
485.00
213.00
218.00
215.00
211.00
216.00
216.00
210.00
218.00
215.00
210.00
216.00
215.00
229.00
215.00
455.00
210.00
213.00
216.00
210.00
211.00
216.00
211.00
211.00
216.00
211.00
213.00
220.00
211.00
211.00
218.00
500.00
210.00
216.00
213.00
213.00
216.00
215.00
210.00
215.00
215.00
210.00
213.00
216.00
210.00
215.00
216.00
495.00
213.00
216.00
210.00
215.00
216.00
211.00
211.00
218.00
211.00
211.00
220.00
211.00
211.00
216.00
213.00
496.00
216.00
216.00
210.00
218.00
213.00
210.00
216.00
215.00
211.00
213.00
215.00
211.00
211.00
218.00
211.00
500.00
506.00
210.00
215.00
216.00
213.00
213.00
220.00
211.00
211.00
220.00
215.00
211.00
216.00
211.00
210.00
510.00
213.00
211.00
216.00
213.00
211.00
213.00
215.00
211.00
213.00
216.00
211.00
210.00
218.00
211.00
216.00
508.00
210.00
211.00
218.00
211.00
213.00
220.00
213.00
211.00
218.00
213.00
211.00
216.00
215.00
210.00
215.00
511.00
210.00
215.00
215.00
210.00
216.00
215.00
210.00
215.00
215.00
213.00
211.00
216.00
213.00
215.00
269.00
228.00
211.00
218.00
211.00
211.00
220.00
213.00
211.00
215.00
211.00
211.00
216.00
215.00
211.00
215.00
501.00
211.00
213.00
215.00
210.00
213.00
216.00
210.00
211.00
216.00
211.00
216.00
216.00
210.00
215.00
216.00
500.00
211.00
218.00
215.00
211.00
220.00
213.00
211.00
218.00
213.00
211.00
215.00
215.00
211.00
215.00
216.00
492.00
505.00
215.00
210.00
213.00
216.00
211.00
211.00
216.00
210.00
220.00
218.00
213.00
211.00
216.00
213.00
498.00
220.00
213.00
211.00
216.00
215.00
211.00
215.00
216.00
210.00
216.00
215.00
210.00
215.00
215.00
211.00
503.00
215.00
211.00
213.00
218.00
211.00
215.00
218.00
229.00
215.00
216.00
211.00
211.00
220.00
211.00
211.00
510.00
506.00
211.00
215.00
215.00
213.00
216.00
215.00
210.00
215.00
216.00
210.00
213.00
216.00
210.00
213.00
534.00
675.00
498.00
503.00
500.00
501.00
508.00
500.00
496.00
524.00
213.00
211.00
221.00
213.00
213.00
215.00
436.00
213.00
216.00
216.00
211.00
215.00
218.00
211.00
213.00
216.00
210.00
213.00
216.00
210.00
213.00
488.00
211.00
213.00
216.00
211.00
216.00
218.00
213.00
211.00
220.00
215.00
211.00
220.00
216.00
211.00
216.00
500.00
211.00
218.00
215.00
210.00
215.00
215.00
210.00
211.00
215.00
210.00
213.00
215.00
210.00
213.00
216.00
498.00
215.00
218.00
213.00
215.00
220.00
213.00
211.00
221.00
211.00
211.00
216.00
213.00
210.00
216.00
215.00
496.00
528.00
498.00
210.00
215.00
215.00
211.00
211.00
216.00
211.00
211.00
216.00
210.00
211.00
216.00
211.00
503.00
218.00
211.00
211.00
218.00
213.00
211.00
218.00
213.00
213.00
216.00
215.00
211.00
215.00
215.00
210.00
505.00
218.00
210.00
211.00
216.00
211.00
215.00
216.00
210.00
213.00
216.00
211.00
213.00
216.00
213.00
215.00
508.00
211.00
213.00
218.00
215.00
211.00
216.00
216.00
211.00
218.00
215.00
210.00
216.00
216.00
210.00
213.00
505.00
364.00
213.00
218.00
210.00
215.00
215.00
211.00
213.00
216.00
211.00
213.00
216.00
211.00
211.00
339.00
213.00
213.00
218.00
213.00
210.00
216.00
216.00
211.00
213.00
213.00
210.00
215.00
216.00
208.00
213.00
503.00
211.00
213.00
213.00
211.00
211.00
216.00
211.00
215.00
216.00
215.00
215.00
218.00
215.00
211.00
218.00
500.00
211.00
216.00
215.00
211.00
216.00
213.00
211.00
213.00
216.00
210.00
215.00
216.00
210.00
211.00
215.00
498.00
211.00
216.00
213.00
211.00
216.00
211.00
213.00
216.00
213.00
215.00
216.00
213.00
211.00
218.00
213.00
495.00
218.00
215.00
210.00
216.00
213.00
211.00
213.00
215.00
213.00
213.00
218.00
210.00
211.00
218.00
213.00
503.00
216.00
210.00
231.00
216.00
211.00
215.00
215.00
213.00
211.00
218.00
213.00
211.00
216.00
215.00
210.00
506.00
215.00
211.00
215.00
215.00
210.00
213.00
215.00
210.00
211.00
215.00
216.00
211.00
216.00
211.00
211.00
510.00
211.00
213.00
218.00
211.00
216.00
216.00
213.00
213.00
218.00
215.00
211.00
216.00
216.00
211.00
210.00
552.00
211.00
213.00
216.00
210.00
213.00
216.00
210.00
210.00
218.00
213.00
211.00
215.00
211.00
213.00
518.00
211.00
213.00
216.00
213.00
213.00
218.00
213.00
211.00
216.00
215.00
211.00
215.00
215.00
210.00
213.00
500.00
210.00
213.00
215.00
210.00
213.00
216.00
210.00
211.00
216.00
213.00
211.00
218.00
211.00
216.00
218.00
498.00
215.00
216.00
215.00
211.00
218.00
213.00
211.00
216.00
215.00
213.00
215.00
215.00
210.00
213.00
215.00
498.00
498.00
215.00
210.00
211.00
216.00
213.00
211.00
216.00
211.00
213.00
216.00
211.00
213.00
216.00
213.00
506.00
218.00
213.00
213.00
216.00
215.00
210.00
215.00
216.00
210.00
215.00
215.00
210.00
213.00
215.00
210.00
505.00
218.00
210.00
211.00
216.00
213.00
213.00
216.00
211.00
215.00
216.00
215.00
215.00
216.00
215.00
211.00
510.00
213.00
211.00
216.00
215.00
210.00
215.00
215.00
210.00
213.00
215.00
210.00
211.00
216.00
210.00
211.00
523.00
215.00
211.00
216.00
213.00
213.00
218.00
213.00
215.00
218.00
211.00
215.00
216.00
213.00
213.00
218.00
213.00
210.00
215.00
215.00
210.00
215.00
215.00
210.00
211.00
216.00
211.00
213.00
216.00
211.00
211.00
236.00
514.00
213.00
218.00
211.00
216.00
218.00
215.00
218.00
216.00
215.00
211.00
218.00
213.00
210.00
216.00
508.00
503.00
215.00
215.00
210.00
213.00
215.00
210.00
213.00
216.00
210.00
211.00
216.00
215.00
211.00
216.00
503.00
501.00
216.00
211.00
215.00
216.00
211.00
213.00
216.00
215.00
211.00
216.00
215.00
210.00
215.00
216.00
498.00
215.00
215.00
213.00
213.00
215.00
210.00
211.00
216.00
211.00
211.00
218.00
213.00
213.00
218.00
210.00
505.00
218.00
215.00
215.00
216.00
216.00
211.00
216.00
215.00
211.00
216.00
213.00
210.00
215.00
218.00
210.00
505.00
215.00
210.00
213.00
216.00
210.00
211.00
216.00
213.00
210.00
216.00
213.00
211.00
218.00
213.00
213.00
510.00
213.00
213.00
216.00
215.00
210.00
215.00
215.00
211.00
215.00
213.00
211.00
213.00
216.00
210.00
213.00
293.00
210.00
213.00
216.00
210.00
213.00
216.00
213.00
213.00
216.00
213.00
211.00
216.00
213.00
213.00
215.00
211.00
213.00
216.00
213.00
211.00
215.00
215.00
210.00
215.00
215.00
210.00
215.00
215.00
210.00
213.00
462.00
211.00
213.00
216.00
213.00
211.00
218.00
215.00
211.00
220.00
213.00
215.00
218.00
213.00
215.00
216.00
500.00
539.00
215.00
213.00
210.00
213.00
213.00
210.00
215.00
215.00
208.00
211.00
215.00
210.00
211.00
216.00
498.00
211.00
218.00
213.00
211.00
216.00
215.00
211.00
216.00
213.00
213.00
216.00
213.00
211.00
218.00
215.00
500.00
215.00
215.00
210.00
215.00
215.00
210.00
215.00
216.00
210.00
211.00
216.00
211.00
213.00
216.00
210.00
498.00
216.00
213.00
211.00
216.00
213.00
211.00
218.00
213.00
213.00
216.00
213.00
211.00
215.00
216.00
210.00
505.00
215.00
210.00
216.00
215.00
210.00
215.00
216.00
211.00
211.00
216.00
211.00
213.00
218.00
213.00
211.00
508.00
215.00
213.00
216.00
215.00
215.00
218.00
213.00
211.00
218.00
215.00
213.00
216.00
215.00
211.00
213.00
510.00
210.00
215.00
216.00
210.00
213.00
216.00
213.00
211.00
216.00
211.00
213.00
220.00
215.00
213.00
287.00
223.00
213.00
218.00
213.00
215.00
215.00
215.00
211.00
213.00
213.00
210.00
215.00
215.00
210.00
213.00
503.00
211.00
215.00
285.00
696.00
578.00
546.00
587.00
583.00
585.00
585.00
585.00
587.00
588.00
572.00
587.00
585.00
303.00
308.00
303.00
303.00
306.00
305.00
301.00
306.00
305.00
301.00
306.00
305.00
301.00
305.00
305.00
587.00
590.00
308.00
301.00
305.00
306.00
301.00
303.00
310.00
303.00
301.00
636.00
588.00
585.00
591.00
590.00
587.00
591.00
606.00
591.00
508.00
305.00
300.00
306.00
600.00
503.00
511.00
519.00
514.00
500.00
506.00
498.00
516.00
577.00
559.00
505.00
526.00
513.00
516.00
528.00
510.00
500.00
511.00
526.00
514.00
510.00
508.00
529.00
518.00
498.00
215.00
215.00
215.00
211.00
216.00
213.00
210.00
213.00
216.00
210.00
213.00
216.00
210.00
211.00
508.00
210.00
211.00
216.00
210.00
210.00
216.00
215.00
211.00
216.00
213.00
211.00
216.00
213.00
213.00
283.00
215.00
211.00
215.00
216.00
211.00
213.00
215.00
210.00
215.00
216.00
210.00
213.00
215.00
210.00
211.00
505.00
539.00
500.00
216.00
210.00
213.00
216.00
216.00
211.00
216.00
213.00
213.00
216.00
213.00
213.00
215.00
501.00
211.00
215.00
216.00
210.00
213.00
218.00
210.00
215.00
215.00
210.00
211.00
216.00
213.00
210.00
215.00
496.00
211.00
216.00
215.00
211.00
216.00
213.00
211.00
216.00
215.00
213.00
216.00
213.00
210.00
216.00
215.00
496.00
503.00
215.00
208.00
213.00
215.00
210.00
213.00
215.00
210.00
211.00
216.00
211.00
211.00
216.00
213.00
501.00
544.00
213.00
213.00
216.00
213.00
238.00
216.00
215.00
213.00
215.00
216.00
210.00
215.00
215.00
210.00
505.00
215.00
210.00
211.00
213.00
210.00
213.00
215.00
210.00
211.00
216.00
210.00
211.00
216.00
215.00
283.00
518.00
524.00
526.00
521.00
514.00
531.00
516.00
513.00
667.00
261.00
215.00
211.00
215.00
215.00
211.00
210.00
424.00
211.00
213.00
216.00
211.00
211.00
218.00
210.00
211.00
218.00
210.00
211.00
216.00
213.00
213.00
498.00
211.00
211.00
216.00
213.00
213.00
215.00
213.00
210.00
216.00
215.00
211.00
213.00
216.00
210.00
211.00
506.00
210.00
213.00
216.00
208.00
210.00
215.00
210.00
210.00
216.00
211.00
210.00
231.00
215.00
213.00
216.00
496.00
216.00
216.00
213.00
213.00
215.00
218.00
210.00
216.00
215.00
210.00
215.00
215.00
211.00
211.00
216.00
495.00
210.00
216.00
210.00
211.00
215.00
210.00
211.00
216.00
213.00
211.00
216.00
213.00
211.00
216.00
213.00
503.00
216.00
213.00
211.00
215.00
213.00
213.00
215.00
216.00
210.00
211.00
218.00
210.00
215.00
213.00
210.00
501.00
500.00
210.00
210.00
218.00
211.00
210.00
216.00
213.00
213.00
216.00
213.00
211.00
216.00
215.00
213.00
505.00
215.00
210.00
215.00
215.00
210.00
213.00
215.00
210.00
213.00
215.00
210.00
213.00
215.00
210.00
211.00
506.00
213.00
210.00
216.00
213.00
211.00
215.00
215.00
211.00
215.00
213.00
213.00
216.00
555.00
521.00
537.00
516.00
521.00
521.00
518.00
503.00
528.00
569.00
210.00
211.00
216.00
210.00
211.00
218.00
210.00
210.00
510.00
210.00
213.00
216.00
213.00
211.00
216.00
213.00
211.00
218.00
213.00
213.00
218.00
213.00
213.00
215.00
503.00
213.00
213.00
216.00
208.00
213.00
216.00
210.00
213.00
215.00
210.00
210.00
215.00
211.00
211.00
218.00
514.00
210.00
218.00
215.00
213.00
216.00
213.00
216.00
216.00
213.00
215.00
215.00
216.00
210.00
213.00
215.00
501.00
213.00
216.00
208.00
211.00
216.00
210.00
210.00
215.00
210.00
213.00
216.00
211.00
211.00
216.00
213.00
501.00
216.00
215.00
211.00
216.00
213.00
215.00
215.00
215.00
210.00
213.00
216.00
208.00
215.00
215.00
210.00
503.00
215.00
210.00
211.00
215.00
210.00
210.00
218.00
210.00
211.00
215.00
213.00
211.00
216.00
216.00
211.00
508.00
547.00
210.00
216.00
213.00
213.00
215.00
213.00
210.00
215.00
215.00
210.00
211.00
215.00
210.00
228.00
305.00
210.00
211.00
216.00
211.00
210.00
216.00
210.00
211.00
218.00
213.00
210.00
218.00
215.00
213.00
505.00
215.00
213.00
216.00
213.00
211.00
215.00
216.00
211.00
213.00
215.00
211.00
575.00
511.00
524.00
508.00
524.00
524.00
516.00
523.00
516.00
213.00
216.00
211.00
211.00
216.00
213.00
211.00
216.00
215.00
211.00
218.00
505.00
213.00
216.00
215.00
211.00
215.00
215.00
211.00
213.00
215.00
208.00
211.00
216.00
210.00
211.00
215.00
496.00
211.00
215.00
211.00
211.00
218.00
213.00
211.00
218.00
215.00
213.00
216.00
213.00
211.00
215.00
216.00
506.00
215.00
216.00
210.00
216.00
216.00
210.00
213.00
215.00
208.00
211.00
216.00
210.00
211.00
215.00
210.00
503.00
508.00
211.00
210.00
216.00
216.00
210.00
216.00
215.00
211.00
216.00
213.00
213.00
216.00
213.00
210.00
505.00
216.00
210.00
215.00
215.00
210.00
213.00
215.00
211.00
211.00
215.00
211.00
210.00
221.00
211.00
210.00
467.00
213.00
210.00
216.00
215.00
211.00
216.00
215.00
210.00
218.00
215.00
211.00
215.00
211.00
211.00
475.00
585.00
211.00
211.00
216.00
210.00
211.00
216.00
210.00
211.00
215.00
210.00
210.00
216.00
211.00
211.00
510.00
215.00
211.00
216.00
215.00
213.00
215.00
213.00
215.00
215.00
216.00
210.00
213.00
216.00
210.00
213.00
505.00
208.00
211.00
215.00
210.00
211.00
216.00
210.00
210.00
287.00
508.00
508.00
513.00
510.00
531.00
510.00
508.00
537.00
632.00
215.00
211.00
215.00
216.00
215.00
215.00
213.00
210.00
215.00
215.00
210.00
213.00
215.00
498.00
211.00
215.00
210.00
211.00
216.00
210.00
210.00
216.00
210.00
211.00
216.00
215.00
211.00
218.00
215.00
501.00
218.00
213.00
213.00
216.00
215.00
210.00
215.00
215.00
210.00
213.00
215.00
210.00
211.00
215.00
208.00
501.00
215.00
213.00
211.00
218.00
211.00
211.00
218.00
211.00
211.00
216.00
215.00
210.00
216.00
215.00
211.00
514.00
213.00
213.00
215.00
213.00
211.00
215.00
215.00
213.00
213.00
216.00
210.00
211.00
218.00
210.00
310.00
229.00
208.00
210.00
223.00
211.00
211.00
216.00
215.00
211.00
251.00
215.00
211.00
215.00
213.00
210.00
501.00
216.00
211.00
215.00
213.00
210.00
215.00
213.00
210.00
213.00
215.00
208.00
211.00
216.00
211.00
211.00
503.00
506.00
213.00
216.00
213.00
211.00
216.00
216.00
211.00
218.00
213.00
211.00
216.00
215.00
213.00
216.00
500.00
210.00
215.00
215.00
210.00
213.00
215.00
210.00
211.00
215.00
211.00
211.00
215.00
211.00
210.00
221.00
498.00
210.00
218.00
215.00
211.00
216.00
213.00
295.00
501.00
524.00
526.00
513.00
514.00
521.00
521.00
505.00
500.00
516.00
218.00
210.00
215.00
215.00
210.00
213.00
215.00
211.00
211.00
215.00
213.00
211.00
216.00
211.00
501.00
216.00
213.00
211.00
218.00
216.00
211.00
216.00
216.00
211.00
218.00
215.00
210.00
215.00
215.00
211.00
505.00
215.00
211.00
211.00
216.00
210.00
210.00
218.00
210.00
211.00
218.00
210.00
210.00
215.00
211.00
208.00
559.00
547.00
210.00
216.00
216.00
210.00
216.00
213.00
213.00
215.00
213.00
210.00
213.00
215.00
210.00
513.00
215.00
211.00
211.00
215.00
210.00
211.00
218.00
210.00
210.00
218.00
211.00
213.00
216.00
215.00
211.00
526.00
216.00
211.00
218.00
215.00
213.00
216.00
215.00
213.00
215.00
216.00
210.00
213.00
216.00
210.00
215.00
506.00
505.00
210.00
215.00
210.00
211.00
216.00
210.00
211.00
216.00
211.00
213.00
215.00
215.00
213.00
216.00
501.00
211.00
216.00
216.00
210.00
216.00
215.00
210.00
216.00
215.00
210.00
213.00
215.00
210.00
211.00
215.00
501.00
213.00
215.00
210.00
211.00
220.00
213.00
211.00
216.00
216.00
211.00
220.00
215.00
210.00
216.00
211.00
501.00
215.00
215.00
211.00
213.00
436.00
516.00
521.00
514.00
518.00
529.00
500.00
524.00
518.00
508.00
211.00
503.00
216.00
210.00
213.00
218.00
213.00
211.00
216.00
216.00
211.00
218.00
215.00
211.00
216.00
215.00
210.00
523.00
216.00
211.00
215.00
215.00
210.00
215.00
215.00
210.00
211.00
216.00
211.00
211.00
215.00
211.00
416.00
224.00
211.00
211.00
215.00
213.00
211.00
216.00
218.00
211.00
216.00
215.00
211.00
218.00
215.00
211.00
519.00
215.00
211.00
213.00
213.00
210.00
211.00
215.00
210.00
211.00
215.00
211.00
211.00
236.00
211.00
211.00
511.00
211.00
211.00
220.00
215.00
213.00
216.00
215.00
213.00
215.00
213.00
210.00
218.00
215.00
210.00
215.00
506.00
211.00
213.00
215.00
211.00
211.00
216.00
210.00
211.00
215.00
211.00
211.00
218.00
211.00
210.00
216.00
518.00
510.00
218.00
215.00
211.00
216.00
215.00
213.00
216.00
215.00
210.00
215.00
215.00
210.00
213.00
213.00
498.00
213.00
215.00
211.00
211.00
216.00
210.00
211.00
218.00
211.00
213.00
220.00
211.00
213.00
216.00
215.00
503.00
216.00
216.00
211.00
215.00
213.00
210.00
215.00
215.00
210.00
213.00
216.00
210.00
211.00
218.00
208.00
501.00
505.00
210.00
639.00
508.00
501.00
516.00
539.00
529.00
505.00
503.00
546.00
247.00
216.00
215.00
210.00
236.00
215.00
210.00
216.00
213.00
211.00
216.00
216.00
210.00
213.00
215.00
210.00
215.00
215.00
210.00
211.00
216.00
210.00
211.00
216.00
210.00
211.00
220.00
211.00
211.00
216.00
211.00
211.00
216.00
215.00
211.00
480.00
213.00
211.00
218.00
215.00
211.00
215.00
215.00
210.00
213.00
215.00
210.00
211.00
215.00
210.00
211.00
501.00
211.00
211.00
216.00
213.00
211.00
220.00
211.00
211.00
216.00
213.00
211.00
216.00
216.00
211.00
215.00
501.00
210.00
216.00
215.00
210.00
215.00
215.00
211.00
213.00
215.00
211.00
213.00
215.00
210.00
210.00
216.00
501.00
211.00
220.00
210.00
210.00
216.00
213.00
211.00
218.00
215.00
211.00
216.00
213.00
213.00
215.00
215.00
501.00
501.00
215.00
210.00
215.00
215.00
211.00
213.00
215.00
210.00
211.00
218.00
210.00
211.00
218.00
211.00
503.00
223.00
211.00
210.00
216.00
215.00
211.00
270.00
216.00
211.00
215.00
211.00
213.00
215.00
215.00
211.00
449.00
215.00
210.00
213.00
216.00
210.00
213.00
215.00
208.00
211.00
216.00
211.00
211.00
220.00
210.00
211.00
246.00
510.00
516.00
519.00
511.00
524.00
526.00
518.00
508.00
519.00
215.00
210.00
215.00
213.00
210.00
341.00
216.00
210.00
213.00
218.00
210.00
213.00
216.00
210.00
213.00
216.00
210.00
211.00
218.00
213.00
210.00
505.00
211.00
211.00
216.00
213.00
211.00
216.00
213.00
211.00
215.00
215.00
210.00
215.00
215.00
208.00
215.00
506.00
210.00
211.00
215.00
210.00
211.00
216.00
210.00
210.00
220.00
211.00
213.00
220.00
213.00
211.00
216.00
501.00
211.00
216.00
215.00
211.00
215.00
213.00
210.00
215.00
215.00
210.00
213.00
215.00
208.00
211.00
215.00
495.00
213.00
215.00
211.00
211.00
215.00
211.00
211.00
220.00
211.00
211.00
216.00
213.00
210.00
216.00
215.00
501.00
218.00
213.00
210.00
218.00
215.00
211.00
215.00
215.00
211.00
211.00
215.00
210.00
213.00
215.00
210.00
500.00
316.00
213.00
211.00
218.00
213.00
211.00
218.00
211.00
211.00
216.00
216.00
211.00
216.00
216.00
211.00
508.00
213.00
210.00
216.00
215.00
210.00
215.00
215.00
211.00
211.00
215.00
211.00
211.00
216.00
210.00
210.00
339.00
211.00
211.00
220.00
211.00
211.00
221.00
211.00
210.00
218.00
216.00
213.00
216.00
213.00
288.00
500.00
528.00
526.00
501.00
516.00
518.00
523.00
519.00
510.00
215.00
216.00
210.00
211.00
215.00
211.00
210.00
501.00
211.00
213.00
220.00
211.00
213.00
216.00
213.00
211.00
216.00
216.00
211.00
216.00
213.00
210.00
216.00
500.00
211.00
213.00
216.00
210.00
213.00
216.00
210.00
215.00
215.00
210.00
213.00
216.00
213.00
211.00
220.00
505.00
210.00
218.00
211.00
211.00
216.00
213.00
210.00
216.00
213.00
211.00
215.00
213.00
210.00
216.00
213.00
518.00
213.00
215.00
210.00
213.00
215.00
210.00
213.00
215.00
210.00
211.00
216.00
213.00
211.00
228.00
213.00
503.00
216.00
211.00
211.00
216.00
215.00
211.00
215.00
213.00
211.00
215.00
215.00
210.00
216.00
215.00
210.00
505.00
503.00
210.00
213.00
216.00
210.00
211.00
215.00
211.00
211.00
218.00
211.00
211.00
218.00
213.00
210.00
501.00
216.00
210.00
218.00
215.00
210.00
216.00
213.00
211.00
213.00
215.00
213.00
213.00
215.00
210.00
436.00
216.00
210.00
211.00
215.00
211.00
211.00
216.00
211.00
211.00
221.00
211.00
210.00
220.00
211.00
211.00
500.00
215.00
211.00
216.00
213.00
210.00
215.00
215.00
211.00
215.00
215.00
211.00
213.00
295.00
539.00
501.00
514.00
495.00
500.00
506.00
496.00
496.00
501.00
531.00
213.00
221.00
211.00
211.00
218.00
211.00
211.00
216.00
501.00
213.00
215.00
215.00
210.00
215.00
216.00
210.00
215.00
215.00
210.00
213.00
216.00
210.00
213.00
215.00
523.00
211.00
216.00
211.00
211.00
223.00
211.00
211.00
220.00
213.00
211.00
216.00
216.00
211.00
218.00
213.00
501.00
506.00
505.00
210.00
213.00
215.00
210.00
213.00
215.00
210.00
213.00
216.00
210.00
211.00
216.00
211.00
501.00
216.00
211.00
211.00
218.00
211.00
211.00
216.00
213.00
211.00
216.00
215.00
210.00
218.00
211.00
210.00
508.00
215.00
211.00
215.00
215.00
211.00
213.00
215.00
210.00
213.00
216.00
210.00
211.00
216.00
210.00
287.00
580.00
213.00
211.00
220.00
211.00
211.00
216.00
215.00
211.00
216.00
213.00
211.00
215.00
213.00
210.00
531.00
506.00
210.00
213.00
213.00
211.00
213.00
215.00
210.00
211.00
216.00
211.00
210.00
216.00
211.00
211.00
508.00
213.00
211.00
221.00
211.00
211.00
218.00
216.00
211.00
216.00
213.00
213.00
216.00
216.00
208.00
213.00
503.00
210.00
213.00
215.00
210.00
215.00
215.00
210.00
216.00
216.00
211.00
211.00
220.00
211.00
211.00
223.00
505.00
211.00
216.00
213.00
210.00
277.00
215.00
211.00
216.00
213.00
210.00
216.00
215.00
210.00
215.00
215.00
501.00
213.00
215.00
210.00
215.00
216.00
210.00
213.00
215.00
210.00
213.00
220.00
211.00
210.00
220.00
211.00
503.00
216.00
215.00
210.00
216.00
213.00
211.00
215.00
213.00
211.00
215.00
215.00
211.00
213.00
216.00
210.00
503.00
218.00
210.00
215.00
216.00
210.00
213.00
218.00
211.00
211.00
249.00
213.00
210.00
218.00
211.00
208.00
426.00
213.00
211.00
215.00
213.00
210.00
215.00
215.00
210.00
215.00
215.00
208.00
215.00
215.00
211.00
490.00
215.00
210.00
211.00
216.00
211.00
213.00
220.00
211.00
211.00
220.00
213.00
211.00
216.00
211.00
210.00
501.00
503.00
211.00
215.00
213.00
210.00
215.00
215.00
210.00
215.00
215.00
211.00
213.00
215.00
210.00
215.00
503.00
211.00
211.00
221.00
210.00
213.00
220.00
211.00
211.00
220.00
211.00
211.00
216.00
215.00
211.00
216.00
500.00
211.00
215.00
213.00
210.00
215.00
216.00
210.00
211.00
215.00
210.00
215.00
215.00
210.00
216.00
216.00
501.00
211.00
218.00
211.00
213.00
233.00
211.00
213.00
216.00
549.00
526.00
523.00
503.00
523.00
516.00
510.00
510.00
511.00
215.00
211.00
215.00
215.00
211.00
213.00
215.00
210.00
213.00
216.00
210.00
211.00
216.00
211.00
501.00
218.00
210.00
211.00
221.00
211.00
210.00
218.00
215.00
213.00
216.00
211.00
211.00
215.00
213.00
210.00
510.00
