0.00
0.00
0.00
0.00
0.00
0.00
0.00
0.00
0.00
0.00
0.00
0.00
0.00
0.00
0.00
0.00
0.00
0.00
0.00
0.00
0.00
0.00
0.00
0.00
0.00
0.00
0.00
0.00
0.00
0.00
0.00
0.00
0.00
0.00
0.00
0.00
0.00
0.00
0.00
0.00
0.00
0.00
0.00
0.00
0.00
0.00
0.00
0.00
0.00
0.00
0.00
0.00
0.00
0.00
0.00
0.00
0.00
0.00
0.00
0.00
0.00
0.00
0.00
0.00
0.00
0.00
0.00
0.00
0.00
0.00
0.00
0.00
0.00
0.00
0.00
0.00
0.00
0.00
0.00
0.00
0.00
0.00
0.00
0.00
0.00
0.00
0.00
0.00
0.00
0.00
0.00
0.00
0.00
0.00
0.00
0.00
0.00
0.00
0.00
0.00
0.00
0.00
0.00
0.00
0.00
0.00
0.00
0.00
0.00
0.00
0.00
0.00
0.00
0.00
0.00
0.00
0.00
0.00
0.00
0.00
0.00
0.00
0.00
0.00
0.00
0.00
0.00
0.00
0.00
0.00
0.00
0.00
0.00
0.00
0.00
0.00
0.00
0.00
0.00
0.00
0.00
0.00
0.00
0.00
0.00
0.00
0.00
0.00
0.00
0.00
0.00
0.00
0.00
0.00
0.00
0.00
0.00
0.00
0.00
0.00
0.00
0.00
0.00
0.00
0.00
0.00
0.00
0.00
0.00
0.00
0.00
0.00
0.00
0.00
0.00
0.00
0.00
0.00
0.00
0.00
0.00
0.00
0.00
0.00
0.00
0.00
0.00
0.00
0.00
0.00
0.00
0.00
0.00
0.00
0.00
0.00
0.00
0.00
0.00
0.00
185.00
93.00
159.00
141.00
144.00
129.00
252.00
257.00
252.00
252.00
265.00
261.00
261.00
264.00
264.00
261.00
265.00
279.00
282.00
285.00
283.00
282.00
279.00
283.00
280.00
285.00
285.00
282.00
283.00
287.00
283.00
282.00
288.00
280.00
282.00
288.00
280.00
282.00
285.00
282.00
280.00
267.00
282.00
279.00
285.00
277.00
267.00
259.00
221.00
220.00
300.00
315.00
323.00
328.00
254.00
279.00
272.00
275.00
195.00
200.00
200.00
197.00
200.00
202.00
197.00
197.00
202.00
195.00
197.00
202.00
195.00
195.00
202.00
197.00
195.00
200.00
198.00
195.00
202.00
198.00
197.00
203.00
198.00
193.00
205.00
198.00
195.00
198.00
203.00
195.00
198.00
200.00
195.00
198.00
202.00
195.00
197.00
202.00
195.00
195.00
202.00
195.00
197.00
200.00
197.00
197.00
202.00
198.00
197.00
203.00
200.00
197.00
205.00
198.00
195.00
200.00
198.00
197.00
198.00
200.00
197.00
198.00
202.00
197.00
198.00
202.00
197.00
200.00
202.00
193.00
198.00
202.00
195.00
195.00
202.00
197.00
197.00
202.00
197.00
195.00
205.00
198.00
198.00
202.00
200.00
195.00
198.00
203.00
195.00
198.00
202.00
197.00
197.00
200.00
197.00
198.00
202.00
197.00
198.00
202.00
195.00
197.00
200.00
197.00
197.00
200.00
197.00
197.00
203.00
197.00
197.00
205.00
198.00
195.00
202.00
202.00
195.00
200.00
203.00
197.00
202.00
203.00
197.00
200.00
203.00
197.00
198.00
202.00
197.00
195.00
203.00
197.00
200.00
200.00
198.00
197.00
202.00
197.00
197.00
203.00
198.00
195.00
203.00
200.00
195.00
200.00
200.00
193.00
202.00
200.00
197.00
198.00
200.00
198.00
198.00
203.00
197.00
198.00
205.00
197.00
197.00
200.00
197.00
198.00
200.00
198.00
197.00
202.00
195.00
197.00
203.00
198.00
193.00
202.00
198.00
195.00
200.00
198.00
195.00
200.00
200.00
195.00
198.00
202.00
195.00
198.00
202.00
195.00
195.00
202.00
195.00
202.00
202.00
195.00
198.00
200.00
197.00
197.00
203.00
197.00
197.00
205.00
200.00
195.00
200.00
198.00
195.00
200.00
200.00
197.00
198.00
200.00
197.00
198.00
202.00
195.00
198.00
202.00
195.00
195.00
202.00
197.00
198.00
202.00
197.00
197.00
202.00
197.00
198.00
203.00
198.00
197.00
202.00
202.00
195.00
200.00
203.00
197.00
202.00
200.00
197.00
202.00
200.00
197.00
200.00
200.00
198.00
198.00
202.00
195.00
198.00
203.00
197.00
200.00
202.00
197.00
216.00
205.00
198.00
195.00
202.00
200.00
195.00
203.00
198.00
195.00
202.00
202.00
198.00
200.00
200.00
198.00
198.00
202.00
197.00
200.00
202.00
197.00
197.00
203.00
195.00
200.00
202.00
197.00
198.00
202.00
197.00
197.00
205.00
197.00
197.00
202.00
198.00
195.00
200.00
200.00
195.00
200.00
200.00
195.00
202.00
202.00
197.00
200.00
202.00
197.00
198.00
202.00
198.00
198.00
202.00
197.00
200.00
203.00
197.00
197.00
274.00
274.00
203.00
339.00
336.00
336.00
357.00
1044.00
1037.00
747.00
536.00
580.00
603.00
632.00
616.00
601.00
606.00
585.00
585.00
590.00
582.00
587.00
590.00
580.00
588.00
588.00
587.00
591.00
587.00
583.00
585.00
593.00
585.00
587.00
593.00
588.00
585.00
588.00
587.00
583.00
588.00
590.00
585.00
593.00
587.00
585.00
590.00
591.00
588.00
590.00
595.00
587.00
585.00
591.00
587.00
585.00
590.00
593.00
585.00
596.00
583.00
585.00
593.00
587.00
587.00
593.00
587.00
583.00
593.00
588.00
585.00
590.00
595.00
587.00
587.00
588.00
585.00
590.00
601.00
583.00
590.00
588.00
587.00
585.00
590.00
585.00
588.00
590.00
583.00
587.00
572.00
885.00
609.00
510.00
531.00
503.00
583.00
534.00
501.00
514.00
510.00
529.00
534.00
518.00
531.00
516.00
526.00
511.00
508.00
510.00
519.00
216.00
220.00
216.00
216.00
220.00
216.00
216.00
221.00
216.00
215.00
221.00
506.00
216.00
221.00
215.00
213.00
218.00
213.00
215.00
220.00
218.00
215.00
220.00
216.00
215.00
220.00
218.00
529.00
218.00
220.00
213.00
216.00
220.00
213.00
216.00
220.00
213.00
215.00
218.00
218.00
215.00
220.00
215.00
510.00
514.00
215.00
213.00
221.00
220.00
216.00
220.00
218.00
215.00
218.00
216.00
215.00
220.00
218.00
213.00
513.00
218.00
215.00
216.00
220.00
508.00
503.00
510.00
503.00
503.00
508.00
501.00
506.00
510.00
215.00
213.00
514.00
506.00
503.00
510.00
220.00
215.00
218.00
220.00
215.00
218.00
216.00
215.00
218.00
220.00
213.00
216.00
567.00
501.00
508.00
510.00
503.00
505.00
508.00
505.00
503.00
508.00
508.00
215.00
223.00
215.00
215.00
216.00
215.00
213.00
218.00
220.00
213.00
221.00
218.00
216.00
218.00
216.00
218.00
220.00
220.00
215.00
216.00
516.00
213.00
216.00
220.00
215.00
215.00
220.00
213.00
216.00
218.00
213.00
213.00
223.00
213.00
215.00
220.00
505.00
213.00
220.00
234.00
213.00
216.00
216.00
215.00
218.00
218.00
213.00
216.00
218.00
213.00
216.00
220.00
503.00
511.00
216.00
215.00
216.00
218.00
215.00
215.00
221.00
213.00
211.00
218.00
211.00
213.00
218.00
215.00
503.00
218.00
215.00
213.00
218.00
216.00
215.00
216.00
218.00
215.00
216.00
220.00
211.00
216.00
218.00
213.00
503.00
513.00
387.00
216.00
218.00
215.00
215.00
221.00
213.00
213.00
220.00
218.00
213.00
220.00
246.00
215.00
513.00
218.00
215.00
220.00
216.00
213.00
220.00
218.00
216.00
216.00
220.00
215.00
216.00
221.00
215.00
216.00
516.00
508.00
508.00
510.00
505.00
505.00
510.00
506.00
501.00
506.00
262.00
215.00
220.00
218.00
216.00
218.00
521.00
501.00
511.00
508.00
213.00
220.00
218.00
215.00
218.00
220.00
216.00
216.00
220.00
215.00
216.00
452.00
387.00
216.00
218.00
216.00
213.00
220.00
216.00
215.00
221.00
216.00
215.00
220.00
216.00
216.00
220.00
501.00
218.00
220.00
216.00
213.00
218.00
218.00
215.00
216.00
220.00
213.00
218.00
218.00
213.00
215.00
221.00
501.00
213.00
221.00
215.00
216.00
221.00
218.00
215.00
220.00
218.00
213.00
220.00
218.00
215.00
220.00
215.00
503.00
218.00
215.00
213.00
218.00
218.00
213.00
220.00
216.00
213.00
216.00
218.00
211.00
216.00
220.00
215.00
503.00
220.00
213.00
215.00
218.00
218.00
215.00
220.00
220.00
211.00
220.00
218.00
215.00
221.00
215.00
213.00
511.00
215.00
213.00
218.00
218.00
213.00
216.00
218.00
213.00
218.00
220.00
213.00
216.00
221.00
213.00
215.00
513.00
508.00
213.00
218.00
218.00
215.00
220.00
218.00
215.00
220.00
215.00
215.00
216.00
216.00
213.00
220.00
508.00
215.00
218.00
216.00
216.00
218.00
218.00
213.00
216.00
220.00
213.00
215.00
221.00
211.00
215.00
298.00
224.00
213.00
220.00
216.00
213.00
220.00
213.00
216.00
220.00
216.00
215.00
218.00
216.00
213.00
218.00
519.00
531.00
218.00
216.00
215.00
216.00
218.00
213.00
216.00
220.00
213.00
216.00
220.00
211.00
216.00
220.00
505.00
216.00
220.00
218.00
215.00
220.00
216.00
216.00
218.00
216.00
211.00
220.00
216.00
213.00
218.00
220.00
496.00
213.00
220.00
213.00
218.00
218.00
213.00
215.00
223.00
213.00
215.00
218.00
216.00
216.00
220.00
216.00
510.00
220.00
213.00
215.00
218.00
215.00
213.00
218.00
216.00
215.00
218.00
216.00
215.00
218.00
220.00
215.00
513.00
220.00
213.00
218.00
220.00
215.00
215.00
220.00
213.00
215.00
218.00
218.00
215.00
220.00
215.00
215.00
510.00
215.00
218.00
220.00
216.00
213.00
218.00
216.00
213.00
221.00
216.00
213.00
221.00
218.00
215.00
218.00
511.00
213.00
216.00
221.00
213.00
215.00
220.00
216.00
215.00
218.00
216.00
215.00
220.00
213.00
215.00
215.00
555.00
503.00
510.00
503.00
503.00
506.00
506.00
503.00
506.00
505.00
505.00
508.00
506.00
215.00
218.00
519.00
505.00
505.00
508.00
216.00
215.00
220.00
220.00
216.00
221.00
241.00
537.00
508.00
505.00
510.00
508.00
503.00
518.00
508.00
508.00
503.00
508.00
505.00
508.00
514.00
896.00
505.00
220.00
216.00
213.00
216.00
218.00
503.00
216.00
220.00
216.00
216.00
221.00
218.00
216.00
223.00
218.00
216.00
220.00
213.00
218.00
220.00
215.00
501.00
218.00
218.00
215.00
221.00
216.00
215.00
220.00
216.00
215.00
218.00
218.00
213.00
216.00
220.00
213.00
513.00
506.00
519.00
888.00
506.00
505.00
505.00
510.00
501.00
501.00
508.00
500.00
244.00
220.00
215.00
215.00
510.00
510.00
501.00
508.00
216.00
216.00
220.00
218.00
501.00
510.00
511.00
503.00
506.00
508.00
510.00
506.00
511.00
503.00
506.00
506.00
216.00
216.00
220.00
213.00
218.00
221.00
215.00
216.00
223.00
216.00
215.00
216.00
449.00
216.00
220.00
216.00
215.00
218.00
220.00
215.00
216.00
216.00
213.00
218.00
220.00
215.00
218.00
513.00
506.00
216.00
218.00
213.00
218.00
220.00
213.00
220.00
220.00
216.00
213.00
220.00
216.00
215.00
220.00
501.00
506.00
220.00
216.00
534.00
570.00
505.00
503.00
505.00
506.00
503.00
505.00
510.00
501.00
216.00
220.00
516.00
513.00
508.00
513.00
218.00
221.00
215.00
506.00
510.00
505.00
501.00
510.00
503.00
505.00
508.00
387.00
505.00
513.00
508.00
505.00
220.00
218.00
215.00
218.00
220.00
216.00
216.00
221.00
215.00
216.00
220.00
218.00
514.00
220.00
213.00
216.00
220.00
213.00
216.00
220.00
215.00
216.00
221.00
215.00
215.00
220.00
216.00
215.00
516.00
218.00
213.00
220.00
216.00
213.00
220.00
218.00
215.00
218.00
220.00
218.00
216.00
218.00
216.00
218.00
514.00
213.00
216.00
220.00
215.00
218.00
218.00
216.00
216.00
221.00
215.00
215.00
223.00
216.00
213.00
220.00
487.00
213.00
220.00
216.00
213.00
218.00
218.00
215.00
218.00
218.00
218.00
216.00
220.00
215.00
216.00
469.00
213.00
216.00
220.00
215.00
215.00
218.00
215.00
215.00
220.00
216.00
215.00
221.00
215.00
213.00
220.00
505.00
213.00
218.00
216.00
215.00
218.00
220.00
215.00
218.00
220.00
213.00
216.00
220.00
215.00
216.00
220.00
501.00
510.00
221.00
215.00
215.00
218.00
215.00
216.00
220.00
215.00
215.00
220.00
216.00
215.00
218.00
220.00
534.00
508.00
505.00
510.00
506.00
508.00
510.00
511.00
539.00
216.00
220.00
220.00
213.00
216.00
221.00
215.00
508.00
513.00
510.00
510.00
224.00
216.00
215.00
220.00
216.00
213.00
220.00
215.00
215.00
220.00
218.00
215.00
513.00
505.00
215.00
220.00
218.00
218.00
218.00
220.00
215.00
218.00
220.00
213.00
218.00
220.00
215.00
215.00
508.00
216.00
215.00
220.00
216.00
215.00
221.00
216.00
213.00
220.00
215.00
213.00
218.00
216.00
215.00
216.00
516.00
218.00
218.00
220.00
213.00
218.00
218.00
215.00
218.00
218.00
213.00
218.00
221.00
215.00
215.00
223.00
226.00
215.00
220.00
215.00
213.00
223.00
216.00
213.00
221.00
216.00
215.00
218.00
218.00
215.00
218.00
215.00
218.00
218.00
218.00
213.00
220.00
218.00
215.00
218.00
220.00
216.00
216.00
221.00
213.00
215.00
218.00
505.00
216.00
221.00
215.00
215.00
220.00
218.00
213.00
220.00
218.00
215.00
220.00
218.00
216.00
220.00
220.00
503.00
220.00
221.00
215.00
218.00
221.00
213.00
220.00
218.00
215.00
215.00
221.00
215.00
216.00
221.00
215.00
505.00
516.00
215.00
215.00
220.00
215.00
213.00
220.00
216.00
215.00
220.00
218.00
269.00
508.00
505.00
503.00
508.00
508.00
503.00
506.00
542.00
216.00
216.00
221.00
215.00
215.00
221.00
215.00
218.00
220.00
215.00
216.00
513.00
213.00
215.00
220.00
216.00
215.00
220.00
216.00
215.00
218.00
218.00
218.00
220.00
220.00
211.00
220.00
514.00
215.00
221.00
220.00
215.00
218.00
218.00
216.00
215.00
220.00
216.00
216.00
221.00
213.00
213.00
220.00
413.00
215.00
220.00
215.00
215.00
218.00
215.00
218.00
221.00
218.00
215.00
220.00
218.00
215.00
220.00
218.00
213.00
216.00
220.00
213.00
216.00
220.00
215.00
215.00
220.00
215.00
213.00
221.00
215.00
213.00
221.00
393.00
216.00
220.00
216.00
216.00
220.00
218.00
218.00
220.00
216.00
213.00
220.00
218.00
213.00
220.00
218.00
506.00
216.00
221.00
215.00
215.00
221.00
215.00
215.00
220.00
215.00
215.00
221.00
215.00
213.00
221.00
215.00
503.00
220.00
215.00
216.00
218.00
218.00
218.00
220.00
216.00
213.00
221.00
218.00
215.00
218.00
218.00
216.00
505.00
220.00
213.00
216.00
220.00
213.00
215.00
220.00
213.00
213.00
220.00
215.00
213.00
221.00
215.00
213.00
508.00
506.00
216.00
220.00
216.00
213.00
220.00
218.00
215.00
508.00
508.00
503.00
506.00
506.00
503.00
506.00
513.00
500.00
505.00
510.00
216.00
215.00
223.00
213.00
213.00
221.00
215.00
213.00
220.00
218.00
218.00
220.00
510.00
218.00
220.00
218.00
213.00
223.00
216.00
216.00
220.00
220.00
216.00
218.00
218.00
215.00
218.00
218.00
215.00
216.00
220.00
213.00
213.00
220.00
215.00
213.00
221.00
215.00
215.00
220.00
216.00
218.00
220.00
236.00
342.00
218.00
216.00
213.00
220.00
220.00
215.00
218.00
220.00
215.00
216.00
218.00
215.00
216.00
220.00
503.00
215.00
220.00
213.00
216.00
220.00
216.00
213.00
220.00
215.00
218.00
220.00
215.00
216.00
220.00
215.00
503.00
220.00
220.00
213.00
220.00
221.00
213.00
218.00
218.00
215.00
216.00
220.00
215.00
216.00
220.00
215.00
503.00
220.00
215.00
213.00
218.00
215.00
215.00
220.00
215.00
216.00
221.00
215.00
220.00
220.00
216.00
215.00
508.00
216.00
213.00
218.00
220.00
215.00
218.00
218.00
215.00
218.00
220.00
213.00
216.00
220.00
215.00
215.00
514.00
216.00
216.00
218.00
215.00
218.00
218.00
213.00
218.00
220.00
216.00
213.00
220.00
215.00
213.00
221.00
511.00
465.00
218.00
218.00
215.00
218.00
218.00
215.00
218.00
220.00
213.00
216.00
220.00
215.00
215.00
220.00
508.00
215.00
220.00
215.00
216.00
220.00
215.00
218.00
220.00
218.00
213.00
221.00
216.00
213.00
220.00
215.00
488.00
220.00
216.00
215.00
218.00
218.00
213.00
218.00
220.00
213.00
215.00
220.00
218.00
215.00
220.00
457.00
218.00
220.00
215.00
216.00
220.00
215.00
218.00
220.00
216.00
213.00
220.00
216.00
215.00
220.00
216.00
501.00
220.00
218.00
215.00
220.00
220.00
215.00
218.00
220.00
213.00
215.00
220.00
218.00
215.00
220.00
215.00
506.00
220.00
215.00
216.00
221.00
215.00
213.00
220.00
216.00
213.00
218.00
220.00
215.00
220.00
218.00
215.00
508.00
220.00
215.00
218.00
218.00
215.00
215.00
220.00
215.00
216.00
218.00
215.00
215.00
220.00
216.00
223.00
514.00
216.00
216.00
223.00
216.00
213.00
223.00
216.00
213.00
218.00
216.00
213.00
220.00
216.00
215.00
220.00
513.00
213.00
218.00
220.00
215.00
215.00
218.00
216.00
216.00
218.00
215.00
218.00
218.00
215.00
218.00
220.00
510.00
213.00
223.00
215.00
213.00
220.00
216.00
213.00
220.00
216.00
213.00
220.00
216.00
215.00
220.00
220.00
508.00
218.00
220.00
215.00
216.00
220.00
216.00
218.00
218.00
215.00
220.00
220.00
215.00
223.00
220.00
251.00
251.00
221.00
215.00
215.00
220.00
215.00
216.00
220.00
218.00
213.00
220.00
220.00
213.00
220.00
220.00
503.00
216.00
220.00
218.00
216.00
220.00
215.00
216.00
220.00
215.00
218.00
218.00
215.00
215.00
220.00
216.00
505.00
516.00
215.00
213.00
220.00
215.00
215.00
220.00
215.00
213.00
218.00
220.00
213.00
220.00
220.00
215.00
508.00
218.00
218.00
216.00
220.00
215.00
218.00
221.00
213.00
220.00
220.00
215.00
215.00
220.00
218.00
215.00
508.00
218.00
215.00
220.00
215.00
215.00
218.00
216.00
213.00
220.00
218.00
213.00
216.00
218.00
216.00
220.00
513.00
213.00
216.00
220.00
216.00
218.00
220.00
215.00
215.00
220.00
215.00
213.00
220.00
215.00
215.00
220.00
508.00
215.00
220.00
215.00
215.00
221.00
218.00
215.00
220.00
218.00
216.00
216.00
218.00
216.00
216.00
220.00
508.00
220.00
220.00
213.00
218.00
220.00
215.00
215.00
223.00
215.00
213.00
220.00
216.00
215.00
220.00
213.00
539.00
220.00
215.00
215.00
221.00
218.00
215.00
218.00
218.00
216.00
216.00
218.00
216.00
218.00
218.00
469.00
221.00
220.00
215.00
216.00
220.00
215.00
215.00
221.00
215.00
213.00
220.00
215.00
213.00
218.00
216.00
500.00
221.00
218.00
215.00
221.00
216.00
215.00
218.00
218.00
218.00
218.00
218.00
215.00
218.00
218.00
213.00
508.00
346.00
215.00
216.00
220.00
216.00
215.00
220.00
215.00
215.00
221.00
215.00
213.00
220.00
215.00
213.00
508.00
218.00
215.00
221.00
218.00
216.00
220.00
218.00
218.00
218.00
218.00
215.00
218.00
218.00
213.00
216.00
510.00
215.00
216.00
220.00
213.00
216.00
218.00
215.00
215.00
220.00
215.00
215.00
220.00
215.00
215.00
220.00
511.00
215.00
218.00
218.00
216.00
218.00
218.00
213.00
218.00
218.00
216.00
218.00
220.00
213.00
216.00
221.00
508.00
213.00
220.00
215.00
215.00
220.00
213.00
215.00
220.00
213.00
215.00
220.00
216.00
215.00
220.00
216.00
516.00
218.00
218.00
216.00
218.00
218.00
213.00
218.00
218.00
215.00
216.00
220.00
215.00
216.00
221.00
285.00
224.00
221.00
215.00
215.00
220.00
213.00
215.00
220.00
213.00
215.00
220.00
216.00
215.00
220.00
216.00
506.00
514.00
216.00
216.00
218.00
218.00
213.00
220.00
220.00
215.00
215.00
220.00
216.00
216.00
220.00
215.00
501.00
221.00
213.00
216.00
220.00
213.00
213.00
220.00
216.00
215.00
221.00
216.00
216.00
220.00
216.00
218.00
506.00
218.00
216.00
218.00
218.00
213.00
218.00
220.00
213.00
216.00
220.00
215.00
215.00
220.00
215.00
215.00
506.00
215.00
215.00
220.00
215.00
213.00
220.00
216.00
215.00
221.00
215.00
216.00
220.00
216.00
218.00
218.00
511.00
215.00
221.00
218.00
213.00
216.00
220.00
215.00
216.00
220.00
215.00
216.00
220.00
215.00
215.00
221.00
508.00
213.00
220.00
216.00
215.00
220.00
218.00
216.00
221.00
216.00
216.00
220.00
216.00
216.00
220.00
216.00
506.00
216.00
220.00
213.00
218.00
218.00
215.00
216.00
220.00
215.00
216.00
220.00
216.00
215.00
221.00
210.00
428.00
221.00
218.00
213.00
218.00
218.00
216.00
220.00
216.00
216.00
218.00
218.00
213.00
220.00
218.00
492.00
218.00
221.00
213.00
218.00
218.00
215.00
216.00
218.00
215.00
215.00
218.00
213.00
215.00
220.00
215.00
505.00
220.00
215.00
213.00
220.00
216.00
216.00
220.00
216.00
215.00
218.00
216.00
213.00
218.00
218.00
213.00
505.00
518.00
215.00
218.00
218.00
215.00
216.00
218.00
215.00
216.00
221.00
213.00
215.00
221.00
216.00
216.00
508.00
215.00
220.00
220.00
216.00
216.00
220.00
215.00
213.00
218.00
218.00
213.00
218.00
220.00
213.00
216.00
510.00
215.00
216.00
218.00
215.00
216.00
220.00
215.00
215.00
218.00
216.00
215.00
220.00
216.00
215.00
220.00
510.00
510.00
220.00
216.00
215.00
220.00
216.00
215.00
218.00
216.00
215.00
220.00
218.00
216.00
218.00
220.00
510.00
505.00
221.00
215.00
216.00
220.00
213.00
215.00
218.00
216.00
215.00
218.00
215.00
216.00
220.00
215.00
518.00
220.00
215.00
215.00
220.00
216.00
215.00
220.00
216.00
213.00
218.00
218.00
215.00
218.00
221.00
295.00
223.00
221.00
213.00
218.00
220.00
216.00
216.00
220.00
216.00
215.00
220.00
216.00
216.00
218.00
215.00
506.00
220.00
215.00
216.00
220.00
216.00
213.00
218.00
218.00
213.00
220.00
218.00
215.00
216.00
218.00
215.00
534.00
221.00
213.00
215.00
220.00
216.00
216.00
220.00
213.00
215.00
220.00
215.00
216.00
220.00
215.00
216.00
506.00
215.00
215.00
218.00
216.00
215.00
218.00
220.00
215.00
220.00
216.00
215.00
218.00
218.00
213.00
218.00
506.00
510.00
216.00
221.00
216.00
215.00
220.00
215.00
220.00
220.00
215.00
215.00
220.00
215.00
218.00
220.00
510.00
215.00
218.00
218.00
215.00
218.00
220.00
215.00
218.00
216.00
215.00
220.00
218.00
215.00
218.00
220.00
511.00
216.00
220.00
213.00
216.00
220.00
215.00
218.00
220.00
218.00
215.00
220.00
213.00
213.00
220.00
215.00
508.00
506.00
218.00
215.00
218.00
220.00
215.00
218.00
220.00
215.00
220.00
218.00
216.00
216.00
220.00
213.00
403.00
220.00
215.00
216.00
220.00
213.00
218.00
220.00
213.00
215.00
220.00
233.00
213.00
220.00
216.00
510.00
241.00
218.00
215.00
218.00
218.00
215.00
216.00
220.00
213.00
220.00
220.00
218.00
215.00
220.00
216.00
505.00
218.00
215.00
218.00
220.00
216.00
215.00
220.00
213.00
215.00
221.00
215.00
213.00
221.00
216.00
215.00
508.00
216.00
215.00
220.00
218.00
215.00
218.00
220.00
216.00
216.00
218.00
218.00
216.00
220.00
216.00
216.00
510.00
215.00
215.00
221.00
213.00
215.00
220.00
215.00
215.00
221.00
213.00
213.00
221.00
215.00
215.00
220.00
508.00
508.00
220.00
218.00
215.00
218.00
220.00
215.00
216.00
218.00
220.00
215.00
220.00
216.00
218.00
220.00
510.00
216.00
220.00
215.00
216.00
220.00
216.00
215.00
220.00
215.00
213.00
220.00
524.00
588.00
585.00
577.00
591.00
593.00
593.00
564.00
595.00
595.00
593.00
591.00
614.00
306.00
305.00
308.00
305.00
303.00
310.00
301.00
609.00
310.00
303.00
303.00
310.00
301.00
301.00
308.00
306.00
301.00
311.00
301.00
303.00
306.00
305.00
437.00
624.00
398.00
319.00
306.00
306.00
305.00
305.00
308.00
305.00
305.00
310.00
301.00
305.00
308.00
297.00
591.00
573.00
505.00
500.00
508.00
501.00
508.00
510.00
613.00
608.00
724.00
503.00
506.00
505.00
505.00
501.00
508.00
505.00
505.00
508.00
510.00
506.00
508.00
511.00
503.00
608.00
216.00
215.00
220.00
220.00
213.00
215.00
508.00
215.00
213.00
220.00
215.00
215.00
218.00
215.00
215.00
220.00
216.00
215.00
218.00
218.00
215.00
221.00
506.00
510.00
218.00
218.00
215.00
218.00
218.00
213.00
220.00
218.00
215.00
218.00
220.00
213.00
215.00
220.00
508.00
213.00
220.00
218.00
215.00
218.00
215.00
215.00
218.00
213.00
215.00
220.00
215.00
216.00
221.00
216.00
510.00
508.00
218.00
215.00
218.00
218.00
213.00
220.00
221.00
213.00
218.00
220.00
213.00
216.00
220.00
216.00
510.00
220.00
216.00
213.00
220.00
215.00
215.00
220.00
215.00
215.00
220.00
216.00
216.00
216.00
216.00
319.00
578.00
244.00
215.00
218.00
216.00
213.00
216.00
220.00
213.00
218.00
218.00
213.00
216.00
218.00
215.00
500.00
537.00
246.00
215.00
220.00
215.00
216.00
220.00
215.00
215.00
218.00
218.00
215.00
218.00
220.00
224.00
506.00
511.00
216.00
218.00
220.00
213.00
218.00
218.00
213.00
215.00
218.00
213.00
215.00
220.00
216.00
213.00
510.00
213.00
213.00
221.00
216.00
213.00
220.00
567.00
503.00
508.00
508.00
505.00
506.00
506.00
505.00
541.00
505.00
215.00
221.00
220.00
213.00
218.00
218.00
213.00
215.00
220.00
213.00
216.00
220.00
213.00
216.00
220.00
531.00
215.00
220.00
215.00
213.00
220.00
216.00
215.00
220.00
218.00
216.00
218.00
220.00
213.00
220.00
216.00
508.00
513.00
218.00
213.00
218.00
218.00
216.00
215.00
218.00
213.00
215.00
218.00
213.00
221.00
220.00
218.00
510.00
220.00
215.00
216.00
223.00
215.00
215.00
220.00
216.00
216.00
218.00
216.00
213.00
220.00
220.00
211.00
565.00
218.00
213.00
216.00
218.00
215.00
215.00
218.00
215.00
218.00
218.00
215.00
216.00
220.00
215.00
511.00
220.00
213.00
221.00
218.00
216.00
218.00
218.00
215.00
215.00
218.00
218.00
213.00
220.00
220.00
213.00
506.00
220.00
213.00
215.00
220.00
215.00
215.00
220.00
215.00
213.00
218.00
216.00
216.00
220.00
215.00
215.00
508.00
215.00
216.00
218.00
216.00
218.00
218.00
215.00
215.00
220.00
218.00
213.00
218.00
221.00
213.00
218.00
508.00
213.00
216.00
218.00
213.00
215.00
220.00
215.00
213.00
221.00
216.00
216.00
218.00
215.00
218.00
220.00
510.00
216.00
218.00
216.00
215.00
569.00
503.00
503.00
508.00
506.00
501.00
506.00
508.00
531.00
216.00
220.00
508.00
218.00
218.00
213.00
215.00
218.00
213.00
215.00
221.00
213.00
216.00
218.00
216.00
216.00
220.00
216.00
511.00
218.00
216.00
215.00
220.00
215.00
215.00
218.00
218.00
213.00
218.00
220.00
213.00
216.00
220.00
211.00
518.00
218.00
213.00
216.00
220.00
215.00
215.00
220.00
213.00
231.00
220.00
215.00
216.00
220.00
215.00
415.00
218.00
215.00
213.00
218.00
215.00
213.00
220.00
218.00
215.00
216.00
218.00
215.00
216.00
218.00
215.00
506.00
506.00
213.00
216.00
220.00
216.00
215.00
221.00
215.00
215.00
220.00
215.00
218.00
220.00
215.00
215.00
506.00
215.00
213.00
220.00
218.00
216.00
218.00
216.00
216.00
216.00
220.00
213.00
216.00
220.00
213.00
215.00
505.00
216.00
216.00
220.00
215.00
215.00
221.00
213.00
216.00
221.00
215.00
215.00
220.00
215.00
213.00
220.00
505.00
213.00
220.00
216.00
213.00
218.00
218.00
216.00
216.00
218.00
213.00
216.00
220.00
215.00
216.00
221.00
510.00
216.00
218.00
215.00
216.00
221.00
213.00
216.00
220.00
213.00
215.00
218.00
213.00
213.00
220.00
215.00
508.00
221.00
297.00
537.00
505.00
506.00
503.00
506.00
508.00
505.00
506.00
506.00
506.00
216.00
220.00
216.00
511.00
221.00
215.00
216.00
220.00
215.00
216.00
218.00
215.00
213.00
221.00
213.00
215.00
221.00
216.00
246.00
290.00
218.00
215.00
218.00
218.00
215.00
218.00
218.00
213.00
216.00
218.00
216.00
215.00
220.00
213.00
505.00
221.00
215.00
216.00
220.00
215.00
216.00
220.00
213.00
216.00
218.00
213.00
213.00
220.00
216.00
213.00
506.00
216.00
215.00
218.00
216.00
213.00
218.00
218.00
215.00
216.00
220.00
218.00
215.00
220.00
216.00
216.00
510.00
513.00
216.00
220.00
215.00
215.00
218.00
215.00
215.00
218.00
218.00
213.00
220.00
216.00
213.00
218.00
505.00
213.00
218.00
216.00
213.00
220.00
218.00
215.00
220.00
218.00
213.00
215.00
220.00
215.00
216.00
220.00
510.00
215.00
218.00
213.00
215.00
218.00
215.00
215.00
218.00
216.00
213.00
218.00
216.00
216.00
218.00
216.00
508.00
220.00
216.00
215.00
218.00
218.00
215.00
218.00
218.00
213.00
216.00
221.00
215.00
215.00
221.00
211.00
511.00
220.00
213.00
215.00
220.00
215.00
213.00
220.00
216.00
213.00
218.00
216.00
216.00
216.00
216.00
215.00
528.00
506.00
510.00
510.00
513.00
503.00
506.00
508.00
503.00
508.00
218.00
215.00
215.00
218.00
215.00
215.00
264.00
213.00
213.00
223.00
215.00
213.00
220.00
215.00
213.00
218.00
216.00
215.00
220.00
216.00
215.00
313.00
216.00
218.00
218.00
218.00
215.00
218.00
220.00
213.00
218.00
220.00
215.00
216.00
218.00
215.00
215.00
510.00
213.00
213.00
221.00
215.00
213.00
220.00
216.00
213.00
218.00
216.00
215.00
220.00
216.00
215.00
220.00
508.00
511.00
216.00
218.00
215.00
218.00
220.00
215.00
218.00
218.00
213.00
216.00
218.00
215.00
215.00
220.00
503.00
215.00
220.00
215.00
216.00
218.00
218.00
213.00
220.00
218.00
215.00
218.00
216.00
215.00
218.00
220.00
511.00
216.00
220.00
215.00
218.00
220.00
215.00
216.00
218.00
215.00
215.00
218.00
213.00
215.00
220.00
215.00
510.00
220.00
213.00
216.00
220.00
215.00
213.00
220.00
215.00
215.00
218.00
216.00
216.00
218.00
220.00
215.00
506.00
218.00
215.00
216.00
218.00
213.00
215.00
218.00
216.00
215.00
220.00
213.00
215.00
221.00
215.00
215.00
252.00
215.00
215.00
218.00
215.00
213.00
220.00
215.00
215.00
221.00
218.00
216.00
218.00
220.00
215.00
216.00
218.00
215.00
216.00
220.00
213.00
216.00
218.00
215.00
213.00
220.00
216.00
213.00
218.00
215.00
213.00
511.00
218.00
215.00
220.00
216.00
216.00
221.00
215.00
215.00
218.00
218.00
215.00
218.00
218.00
213.00
216.00
511.00
213.00
216.00
220.00
211.00
216.00
218.00
215.00
215.00
220.00
216.00
213.00
220.00
215.00
216.00
218.00
503.00
215.00
218.00
215.00
216.00
216.00
215.00
215.00
218.00
216.00
215.00
221.00
220.00
215.00
216.00
220.00
500.00
506.00
220.00
213.00
215.00
220.00
213.00
213.00
220.00
228.00
215.00
218.00
216.00
216.00
220.00
215.00
506.00
220.00
215.00
216.00
218.00
218.00
213.00
218.00
216.00
215.00
216.00
220.00
215.00
218.00
220.00
213.00
508.00
220.00
213.00
215.00
220.00
213.00
213.00
220.00
218.00
215.00
221.00
216.00
216.00
218.00
215.00
216.00
513.00
215.00
216.00
216.00
218.00
213.00
218.00
216.00
216.00
216.00
216.00
213.00
218.00
220.00
213.00
213.00
521.00
211.00
215.00
220.00
213.00
215.00
221.00
216.00
215.00
220.00
213.00
216.00
220.00
215.00
216.00
354.00
216.00
211.00
218.00
216.00
213.00
216.00
218.00
216.00
216.00
216.00
215.00
218.00
569.00
503.00
501.00
508.00
501.00
505.00
508.00
516.00
677.00
218.00
218.00
215.00
220.00
213.00
216.00
220.00
215.00
215.00
220.00
506.00
213.00
218.00
220.00
213.00
218.00
218.00
213.00
218.00
218.00
213.00
215.00
218.00
213.00
215.00
220.00
505.00
218.00
218.00
218.00
216.00
220.00
215.00
215.00
220.00
215.00
216.00
218.00
215.00
213.00
218.00
216.00
501.00
218.00
220.00
215.00
218.00
220.00
215.00
216.00
220.00
213.00
215.00
220.00
213.00
215.00
220.00
215.00
508.00
510.00
218.00
213.00
220.00
213.00
215.00
221.00
213.00
216.00
220.00
216.00
215.00
220.00
216.00
215.00
513.00
216.00
215.00
220.00
218.00
213.00
216.00
218.00
213.00
216.00
220.00
216.00
215.00
220.00
218.00
213.00
516.00
220.00
215.00
220.00
216.00
216.00
221.00
213.00
213.00
221.00
216.00
213.00
220.00
215.00
215.00
218.00
511.00
213.00
218.00
218.00
213.00
216.00
218.00
215.00
216.00
220.00
216.00
215.00
220.00
216.00
215.00
510.00
213.00
215.00
218.00
216.00
215.00
220.00
213.00
213.00
220.00
216.00
215.00
220.00
215.00
215.00
218.00
505.00
213.00
221.00
218.00
213.00
218.00
218.00
213.00
215.00
220.00
279.00
555.00
513.00
503.00
505.00
508.00
501.00
513.00
519.00
518.00
503.00
521.00
510.00
503.00
508.00
513.00
215.00
221.00
215.00
216.00
220.00
216.00
526.00
221.00
216.00
213.00
220.00
218.00
215.00
216.00
220.00
216.00
216.00
218.00
218.00
216.00
220.00
213.00
511.00
220.00
216.00
213.00
220.00
215.00
213.00
218.00
216.00
215.00
218.00
216.00
213.00
220.00
218.00
213.00
510.00
218.00
213.00
216.00
218.00
213.00
216.00
218.00
216.00
216.00
221.00
213.00
216.00
220.00
213.00
218.00
513.00
234.00
213.00
220.00
216.00
213.00
220.00
215.00
215.00
220.00
216.00
215.00
218.00
218.00
213.00
216.00
510.00
213.00
216.00
218.00
220.00
216.00
218.00
216.00
216.00
220.00
215.00
216.00
220.00
213.00
213.00
451.00
569.00
213.00
220.00
215.00
213.00
220.00
215.00
215.00
220.00
218.00
213.00
216.00
216.00
213.00
220.00
508.00
510.00
218.00
218.00
218.00
215.00
221.00
213.00
218.00
220.00
213.00
218.00
218.00
213.00
215.00
218.00
503.00
215.00
220.00
215.00
216.00
220.00
215.00
215.00
218.00
218.00
213.00
218.00
218.00
213.00
218.00
218.00
508.00
216.00
220.00
218.00
215.00
220.00
213.00
216.00
287.00
510.00
505.00
505.00
505.00
503.00
510.00
503.00
505.00
618.00
215.00
215.00
220.00
215.00
213.00
221.00
216.00
213.00
220.00
216.00
215.00
218.00
218.00
218.00
510.00
218.00
218.00
216.00
220.00
213.00
216.00
218.00
215.00
213.00
218.00
215.00
215.00
221.00
213.00
215.00
513.00
215.00
216.00
220.00
215.00
213.00
218.00
220.00
213.00
218.00
216.00
216.00
218.00
218.00
216.00
218.00
511.00
306.00
216.00
220.00
213.00
215.00
221.00
215.00
213.00
218.00
215.00
213.00
220.00
215.00
215.00
267.00
233.00
213.00
220.00
215.00
215.00
218.00
218.00
213.00
218.00
220.00
233.00
216.00
218.00
215.00
218.00
506.00
580.00
567.00
508.00
503.00
503.00
510.00
503.00
506.00
510.00
506.00
503.00
220.00
215.00
215.00
221.00
505.00
213.00
220.00
213.00
215.00
218.00
218.00
215.00
220.00
216.00
216.00
218.00
218.00
218.00
218.00
216.00
503.00
218.00
220.00
213.00
216.00
220.00
213.00
216.00
218.00
216.00
215.00
220.00
215.00
215.00
220.00
215.00
503.00
218.00
220.00
215.00
216.00
216.00
221.00
218.00
216.00
216.00
218.00
218.00
213.00
218.00
220.00
213.00
510.00
221.00
211.00
216.00
218.00
213.00
423.00
628.00
505.00
501.00
508.00
501.00
508.00
508.00
503.00
536.00
511.00
218.00
213.00
220.00
216.00
218.00
220.00
220.00
220.00
218.00
218.00
216.00
218.00
220.00
213.00
216.00
511.00
215.00
215.00
218.00
215.00
215.00
220.00
215.00
215.00
223.00
215.00
213.00
221.00
218.00
213.00
216.00
396.00
216.00
218.00
216.00
216.00
220.00
220.00
213.00
218.00
218.00
216.00
216.00
218.00
213.00
215.00
514.00
544.00
216.00
220.00
215.00
216.00
220.00
215.00
215.00
220.00
215.00
215.00
220.00
216.00
211.00
220.00
506.00
216.00
218.00
216.00
218.00
218.00
220.00
211.00
218.00
218.00
215.00
215.00
218.00
213.00
218.00
218.00
505.00
511.00
220.00
213.00
215.00
220.00
215.00
213.00
220.00
216.00
215.00
220.00
215.00
220.00
218.00
218.00
513.00
218.00
220.00
216.00
220.00
218.00
213.00
220.00
218.00
215.00
215.00
220.00
215.00
215.00
218.00
213.00
510.00
220.00
215.00
215.00
221.00
215.00
213.00
220.00
216.00
216.00
220.00
215.00
220.00
218.00
216.00
216.00
514.00
218.00
213.00
218.00
218.00
215.00
216.00
220.00
216.00
215.00
221.00
213.00
215.00
220.00
215.00
215.00
514.00
215.00
211.00
220.00
621.00
528.00
506.00
503.00
508.00
506.00
505.00
506.00
511.00
506.00
372.00
220.00
526.00
216.00
218.00
220.00
213.00
216.00
218.00
234.00
216.00
218.00
215.00
215.00
220.00
215.00
215.00
415.00
275.00
213.00
220.00
216.00
215.00
218.00
218.00
216.00
220.00
215.00
216.00
220.00
216.00
213.00
220.00
506.00
213.00
216.00
218.00
213.00
218.00
218.00
215.00
216.00
220.00
213.00
216.00
220.00
213.00
215.00
223.00
503.00
503.00
221.00
215.00
213.00
220.00
216.00
242.00
220.00
215.00
216.00
221.00
218.00
213.00
220.00
216.00
503.00
216.00
218.00
215.00
218.00
218.00
215.00
218.00
220.00
215.00
216.00
220.00
215.00
213.00
220.00
218.00
503.00
514.00
215.00
218.00
220.00
216.00
216.00
220.00
216.00
215.00
220.00
218.00
213.00
216.00
220.00
215.00
510.00
508.00
215.00
215.00
218.00
213.00
216.00
220.00
213.00
216.00
220.00
213.00
215.00
220.00
216.00
216.00
513.00
213.00
216.00
220.00
216.00
216.00
218.00
218.00
213.00
221.00
218.00
213.00
220.00
218.00
215.00
218.00
514.00
215.00
216.00
221.00
213.00
218.00
218.00
215.00
213.00
220.00
216.00
213.00
221.00
215.00
216.00
231.00
316.00
247.00
218.00
216.00
213.00
220.00
216.00
213.00
218.00
216.00
215.00
216.00
218.00
213.00
216.00
521.00
213.00
216.00
221.00
213.00
216.00
218.00
215.00
213.00
218.00
216.00
215.00
221.00
213.00
218.00
220.00
503.00
218.00
220.00
216.00
213.00
220.00
218.00
213.00
218.00
216.00
213.00
218.00
218.00
213.00
218.00
220.00
501.00
216.00
220.00
213.00
216.00
220.00
218.00
213.00
218.00
216.00
215.00
220.00
215.00
216.00
221.00
213.00
503.00
511.00
216.00
215.00
221.00
215.00
213.00
220.00
216.00
215.00
218.00
218.00
213.00
218.00
218.00
213.00
508.00
220.00
213.00
216.00
220.00
218.00
213.00
220.00
216.00
215.00
220.00
215.00
216.00
221.00
216.00
215.00
513.00
216.00
215.00
216.00
216.00
213.00
220.00
216.00
215.00
218.00
216.00
215.00
218.00
220.00
215.00
216.00
513.00
216.00
215.00
220.00
218.00
215.00
218.00
215.00
216.00
221.00
215.00
213.00
221.00
215.00
213.00
218.00
529.00
247.00
218.00
218.00
213.00
220.00
216.00
215.00
220.00
216.00
213.00
218.00
220.00
213.00
215.00
437.00
393.00
216.00
218.00
213.00
213.00
220.00
213.00
216.00
220.00
213.00
213.00
220.00
216.00
215.00
218.00
577.00
552.00
506.00
505.00
503.00
506.00
505.00
508.00
506.00
541.00
213.00
218.00
221.00
216.00
215.00
220.00
505.00
216.00
218.00
213.00
220.00
220.00
213.00
216.00
220.00
215.00
215.00
256.00
216.00
215.00
218.00
216.00
501.00
218.00
216.00
213.00
216.00
231.00
215.00
218.00
220.00
