0.00
0.00
0.00
0.00
0.00
0.00
0.00
0.00
0.00
0.00
0.00
0.00
0.00
0.00
0.00
0.00
0.00
0.00
0.00
0.00
0.00
0.00
0.00
0.00
0.00
0.00
0.00
0.00
0.00
0.00
0.00
0.00
0.00
0.00
0.00
0.00
0.00
0.00
0.00
0.00
0.00
0.00
0.00
0.00
0.00
0.00
0.00
0.00
0.00
0.00
0.00
0.00
0.00
0.00
0.00
0.00
0.00
0.00
0.00
0.00
0.00
0.00
0.00
0.00
0.00
0.00
0.00
0.00
0.00
0.00
0.00
0.00
0.00
0.00
0.00
0.00
0.00
0.00
0.00
0.00
0.00
0.00
0.00
0.00
0.00
0.00
0.00
0.00
0.00
0.00
0.00
0.00
0.00
0.00
0.00
0.00
0.00
0.00
0.00
0.00
0.00
0.00
0.00
0.00
0.00
0.00
0.00
0.00
0.00
0.00
0.00
0.00
0.00
0.00
0.00
0.00
0.00
0.00
0.00
0.00
0.00
0.00
0.00
0.00
0.00
0.00
0.00
0.00
0.00
0.00
0.00
0.00
0.00
0.00
0.00
0.00
0.00
0.00
0.00
0.00
0.00
0.00
0.00
0.00
0.00
0.00
0.00
0.00
0.00
0.00
0.00
0.00
0.00
0.00
0.00
0.00
0.00
0.00
0.00
0.00
0.00
0.00
0.00
0.00
0.00
0.00
0.00
0.00
0.00
0.00
0.00
0.00
0.00
0.00
0.00
0.00
0.00
0.00
0.00
0.00
0.00
0.00
0.00
0.00
0.00
0.00
0.00
0.00
0.00
0.00
0.00
0.00
0.00
0.00
0.00
0.00
0.00
0.00
0.00
0.00
118.00
143.00
143.00
129.00
254.00
257.00
251.00
254.00
257.00
261.00
262.00
265.00
262.00
262.00
270.00
262.00
283.00
287.00
283.00
282.00
288.00
283.00
283.00
288.00
283.00
282.00
290.00
297.00
282.00
290.00
283.00
280.00
287.00
285.00
282.00
285.00
287.00
283.00
283.00
290.00
282.00
285.00
282.00
277.00
257.00
221.00
220.00
310.00
313.00
308.00
318.00
285.00
200.00
331.00
334.00
321.00
351.00
891.00
1013.00
521.00
531.00
465.00
555.00
623.00
585.00
573.00
572.00
577.00
575.00
575.00
577.00
575.00
575.00
577.00
572.00
572.00
578.00
572.00
572.00
577.00
570.00
573.00
578.00
575.00
575.00
575.00
580.00
580.00
585.00
583.00
578.00
585.00
583.00
580.00
585.00
585.00
578.00
583.00
585.00
580.00
582.00
583.00
582.00
583.00
583.00
580.00
582.00
587.00
582.00
582.00
588.00
582.00
582.00
585.00
582.00
582.00
588.00
582.00
580.00
588.00
585.00
582.00
588.00
587.00
583.00
587.00
587.00
583.00
585.00
585.00
583.00
585.00
585.00
583.00
585.00
591.00
583.00
583.00
588.00
582.00
582.00
980.00
523.00
501.00
570.00
521.00
505.00
570.00
760.00
531.00
505.00
505.00
503.00
508.00
505.00
501.00
501.00
503.00
501.00
505.00
529.00
211.00
215.00
218.00
213.00
216.00
218.00
501.00
216.00
218.00
215.00
213.00
218.00
213.00
213.00
218.00
213.00
213.00
218.00
215.00
213.00
216.00
215.00
211.00
218.00
216.00
211.00
215.00
216.00
215.00
215.00
218.00
213.00
216.00
218.00
213.00
216.00
220.00
405.00
501.00
231.00
213.00
215.00
218.00
215.00
211.00
216.00
215.00
211.00
220.00
213.00
211.00
215.00
215.00
495.00
505.00
215.00
215.00
213.00
216.00
213.00
213.00
218.00
211.00
215.00
1024.00
495.00
495.00
500.00
496.00
524.00
518.00
498.00
495.00
500.00
495.00
495.00
500.00
495.00
496.00
498.00
213.00
211.00
216.00
216.00
211.00
503.00
218.00
215.00
213.00
218.00
211.00
213.00
216.00
211.00
215.00
215.00
211.00
211.00
216.00
211.00
211.00
503.00
500.00
211.00
216.00
213.00
211.00
215.00
213.00
211.00
215.00
215.00
211.00
215.00
215.00
215.00
211.00
501.00
213.00
213.00
215.00
210.00
213.00
216.00
213.00
215.00
216.00
213.00
211.00
218.00
211.00
210.00
216.00
514.00
211.00
216.00
215.00
211.00
218.00
215.00
210.00
218.00
216.00
211.00
216.00
216.00
216.00
213.00
218.00
557.00
215.00
216.00
210.00
216.00
216.00
213.00
211.00
216.00
213.00
211.00
215.00
211.00
211.00
216.00
231.00
210.00
216.00
213.00
210.00
215.00
215.00
213.00
215.00
215.00
215.00
213.00
215.00
213.00
213.00
216.00
493.00
213.00
216.00
211.00
213.00
216.00
210.00
211.00
218.00
211.00
211.00
216.00
211.00
213.00
216.00
213.00
492.00
216.00
223.00
210.00
218.00
215.00
213.00
215.00
215.00
213.00
213.00
215.00
213.00
211.00
215.00
211.00
492.00
500.00
211.00
211.00
216.00
211.00
211.00
393.00
493.00
493.00
498.00
496.00
493.00
498.00
496.00
495.00
495.00
495.00
493.00
496.00
213.00
211.00
215.00
216.00
215.00
213.00
215.00
211.00
213.00
216.00
211.00
213.00
503.00
495.00
211.00
216.00
211.00
211.00
216.00
211.00
211.00
216.00
213.00
211.00
215.00
215.00
211.00
215.00
503.00
437.00
215.00
216.00
211.00
213.00
216.00
213.00
215.00
216.00
211.00
213.00
216.00
211.00
213.00
215.00
498.00
211.00
216.00
211.00
213.00
216.00
211.00
211.00
216.00
213.00
210.00
216.00
215.00
211.00
213.00
213.00
441.00
213.00
215.00
213.00
213.00
216.00
215.00
213.00
216.00
211.00
213.00
218.00
210.00
211.00
218.00
477.00
557.00
498.00
211.00
208.00
216.00
213.00
211.00
216.00
213.00
211.00
215.00
216.00
211.00
215.00
215.00
496.00
215.00
215.00
213.00
211.00
216.00
211.00
213.00
216.00
211.00
213.00
216.00
213.00
211.00
215.00
213.00
492.00
216.00
213.00
211.00
216.00
213.00
213.00
216.00
215.00
211.00
215.00
218.00
210.00
215.00
215.00
213.00
490.00
542.00
213.00
213.00
216.00
210.00
213.00
218.00
211.00
211.00
218.00
211.00
213.00
216.00
211.00
213.00
496.00
211.00
211.00
215.00
213.00
210.00
215.00
216.00
213.00
215.00
215.00
216.00
215.00
215.00
211.00
211.00
501.00
213.00
211.00
218.00
211.00
213.00
218.00
211.00
213.00
216.00
211.00
211.00
215.00
211.00
211.00
215.00
500.00
267.00
215.00
216.00
210.00
215.00
215.00
210.00
215.00
215.00
213.00
213.00
218.00
213.00
211.00
218.00
505.00
211.00
216.00
211.00
210.00
215.00
211.00
211.00
216.00
211.00
210.00
215.00
213.00
213.00
215.00
305.00
213.00
218.00
216.00
211.00
215.00
215.00
213.00
215.00
213.00
215.00
213.00
216.00
213.00
213.00
216.00
493.00
213.00
216.00
213.00
210.00
216.00
213.00
211.00
218.00
213.00
211.00
218.00
215.00
213.00
216.00
213.00
493.00
505.00
216.00
211.00
213.00
218.00
213.00
213.00
216.00
213.00
215.00
216.00
211.00
211.00
215.00
213.00
495.00
501.00
211.00
211.00
216.00
211.00
213.00
216.00
213.00
211.00
216.00
216.00
211.00
215.00
236.00
211.00
493.00
541.00
573.00
495.00
496.00
493.00
495.00
498.00
496.00
495.00
611.00
247.00
215.00
216.00
211.00
211.00
503.00
493.00
495.00
498.00
213.00
211.00
216.00
213.00
211.00
216.00
213.00
211.00
216.00
216.00
211.00
215.00
503.00
501.00
498.00
498.00
495.00
495.00
500.00
495.00
495.00
216.00
211.00
211.00
215.00
211.00
213.00
216.00
496.00
495.00
498.00
496.00
213.00
216.00
213.00
211.00
216.00
215.00
211.00
215.00
215.00
213.00
215.00
213.00
549.00
211.00
216.00
213.00
211.00
216.00
210.00
213.00
216.00
211.00
211.00
216.00
211.00
213.00
216.00
508.00
210.00
216.00
213.00
210.00
216.00
215.00
211.00
215.00
216.00
213.00
215.00
215.00
211.00
213.00
215.00
496.00
213.00
216.00
215.00
213.00
216.00
213.00
213.00
218.00
211.00
210.00
215.00
211.00
211.00
216.00
211.00
493.00
501.00
510.00
495.00
495.00
495.00
493.00
495.00
498.00
495.00
493.00
215.00
216.00
213.00
218.00
213.00
490.00
518.00
211.00
213.00
216.00
213.00
211.00
216.00
211.00
211.00
216.00
211.00
211.00
216.00
211.00
211.00
498.00
216.00
210.00
218.00
215.00
210.00
216.00
215.00
211.00
213.00
215.00
213.00
213.00
216.00
213.00
213.00
498.00
511.00
510.00
216.00
210.00
211.00
216.00
211.00
211.00
621.00
495.00
495.00
493.00
495.00
495.00
513.00
503.00
668.00
216.00
218.00
211.00
216.00
216.00
213.00
213.00
216.00
215.00
213.00
498.00
503.00
498.00
500.00
524.00
495.00
496.00
495.00
495.00
500.00
495.00
490.00
500.00
493.00
493.00
215.00
213.00
211.00
215.00
472.00
213.00
215.00
218.00
211.00
213.00
218.00
213.00
215.00
215.00
213.00
211.00
215.00
211.00
211.00
218.00
493.00
496.00
216.00
211.00
211.00
216.00
211.00
211.00
218.00
211.00
211.00
218.00
215.00
211.00
216.00
215.00
495.00
213.00
215.00
210.00
216.00
216.00
213.00
215.00
216.00
215.00
211.00
215.00
211.00
213.00
216.00
211.00
493.00
216.00
213.00
211.00
216.00
211.00
211.00
216.00
211.00
213.00
216.00
493.00
495.00
492.00
514.00
495.00
495.00
505.00
498.00
413.00
216.00
215.00
211.00
216.00
215.00
213.00
218.00
211.00
213.00
218.00
211.00
210.00
501.00
215.00
211.00
218.00
213.00
211.00
218.00
213.00
211.00
215.00
229.00
211.00
213.00
218.00
211.00
216.00
500.00
213.00
211.00
218.00
213.00
211.00
218.00
211.00
215.00
215.00
211.00
213.00
215.00
213.00
211.00
216.00
508.00
210.00
216.00
213.00
210.00
216.00
493.00
492.00
495.00
495.00
493.00
496.00
498.00
591.00
444.00
346.00
555.00
495.00
496.00
454.00
213.00
216.00
211.00
213.00
216.00
211.00
213.00
215.00
213.00
211.00
216.00
495.00
508.00
216.00
213.00
210.00
215.00
215.00
213.00
213.00
220.00
211.00
215.00
215.00
213.00
213.00
216.00
495.00
501.00
216.00
210.00
211.00
216.00
211.00
211.00
216.00
213.00
211.00
216.00
215.00
211.00
216.00
211.00
492.00
215.00
215.00
211.00
215.00
216.00
211.00
215.00
218.00
211.00
215.00
215.00
213.00
211.00
216.00
213.00
492.00
218.00
211.00
213.00
216.00
211.00
211.00
216.00
211.00
211.00
215.00
213.00
210.00
213.00
211.00
213.00
500.00
498.00
211.00
215.00
218.00
211.00
215.00
216.00
213.00
213.00
216.00
213.00
213.00
218.00
210.00
213.00
500.00
211.00
211.00
216.00
211.00
211.00
215.00
213.00
211.00
216.00
213.00
213.00
216.00
215.00
210.00
215.00
500.00
211.00
216.00
218.00
211.00
213.00
216.00
215.00
213.00
216.00
215.00
211.00
216.00
211.00
211.00
213.00
357.00
211.00
216.00
211.00
211.00
218.00
213.00
210.00
216.00
215.00
210.00
215.00
218.00
211.00
218.00
500.00
211.00
213.00
495.00
493.00
495.00
496.00
495.00
495.00
496.00
495.00
493.00
218.00
211.00
213.00
216.00
493.00
500.00
498.00
495.00
228.00
218.00
213.00
211.00
216.00
213.00
211.00
215.00
213.00
211.00
213.00
218.00
492.00
213.00
216.00
213.00
213.00
216.00
215.00
211.00
218.00
211.00
213.00
216.00
211.00
213.00
216.00
211.00
492.00
503.00
213.00
211.00
216.00
213.00
211.00
216.00
215.00
211.00
215.00
218.00
211.00
213.00
220.00
210.00
496.00
218.00
213.00
211.00
216.00
213.00
211.00
216.00
213.00
211.00
218.00
211.00
211.00
216.00
213.00
211.00
501.00
216.00
211.00
215.00
213.00
211.00
216.00
215.00
211.00
215.00
218.00
210.00
213.00
216.00
211.00
215.00
500.00
213.00
213.00
216.00
211.00
211.00
216.00
211.00
211.00
216.00
213.00
213.00
216.00
213.00
210.00
215.00
518.00
211.00
216.00
213.00
213.00
215.00
261.00
211.00
213.00
218.00
211.00
213.00
216.00
213.00
213.00
395.00
270.00
211.00
216.00
210.00
211.00
216.00
211.00
211.00
216.00
213.00
210.00
216.00
215.00
211.00
216.00
500.00
213.00
215.00
215.00
211.00
215.00
218.00
211.00
213.00
218.00
211.00
213.00
216.00
213.00
211.00
498.00
492.00
505.00
498.00
493.00
493.00
496.00
495.00
492.00
216.00
213.00
211.00
218.00
213.00
211.00
215.00
215.00
514.00
215.00
220.00
211.00
215.00
218.00
211.00
213.00
216.00
211.00
211.00
216.00
211.00
210.00
216.00
211.00
493.00
216.00
211.00
211.00
218.00
211.00
211.00
218.00
213.00
211.00
216.00
213.00
211.00
215.00
215.00
210.00
500.00
503.00
213.00
213.00
220.00
211.00
213.00
218.00
213.00
213.00
216.00
210.00
211.00
216.00
211.00
213.00
503.00
211.00
211.00
218.00
211.00
213.00
216.00
213.00
213.00
221.00
215.00
211.00
216.00
218.00
213.00
215.00
501.00
211.00
213.00
216.00
210.00
215.00
216.00
211.00
213.00
216.00
211.00
211.00
216.00
211.00
211.00
218.00
318.00
213.00
216.00
215.00
211.00
215.00
215.00
210.00
215.00
215.00
211.00
213.00
218.00
211.00
215.00
500.00
247.00
213.00
215.00
213.00
213.00
216.00
213.00
211.00
216.00
211.00
211.00
216.00
211.00
210.00
216.00
495.00
211.00
215.00
215.00
211.00
221.00
215.00
211.00
215.00
216.00
211.00
215.00
220.00
211.00
213.00
216.00
492.00
501.00
216.00
211.00
213.00
216.00
211.00
213.00
216.00
213.00
211.00
503.00
495.00
495.00
505.00
495.00
495.00
505.00
496.00
495.00
218.00
213.00
211.00
215.00
218.00
211.00
216.00
220.00
211.00
215.00
216.00
213.00
498.00
216.00
211.00
211.00
216.00
211.00
213.00
216.00
213.00
211.00
216.00
215.00
211.00
216.00
216.00
211.00
505.00
215.00
211.00
215.00
216.00
211.00
215.00
221.00
211.00
215.00
216.00
211.00
213.00
216.00
211.00
211.00
503.00
501.00
211.00
216.00
213.00
211.00
216.00
215.00
210.00
216.00
213.00
211.00
216.00
213.00
211.00
218.00
521.00
211.00
213.00
220.00
211.00
215.00
218.00
211.00
213.00
218.00
211.00
213.00
218.00
211.00
221.00
392.00
210.00
211.00
216.00
211.00
211.00
218.00
213.00
211.00
218.00
213.00
213.00
218.00
215.00
211.00
218.00
495.00
211.00
216.00
234.00
213.00
215.00
215.00
213.00
211.00
216.00
211.00
211.00
216.00
210.00
211.00
216.00
495.00
211.00
216.00
215.00
211.00
216.00
213.00
211.00
218.00
215.00
211.00
218.00
216.00
211.00
215.00
215.00
492.00
215.00
218.00
211.00
215.00
218.00
210.00
211.00
218.00
211.00
211.00
216.00
211.00
211.00
216.00
211.00
492.00
503.00
495.00
213.00
216.00
215.00
211.00
247.00
215.00
211.00
223.00
213.00
210.00
215.00
218.00
210.00
500.00
216.00
211.00
211.00
216.00
213.00
213.00
216.00
213.00
211.00
218.00
211.00
211.00
216.00
211.00
215.00
501.00
213.00
211.00
218.00
213.00
210.00
218.00
213.00
210.00
218.00
218.00
211.00
213.00
220.00
211.00
213.00
501.00
500.00
211.00
216.00
210.00
213.00
216.00
211.00
213.00
216.00
211.00
211.00
216.00
213.00
211.00
213.00
341.00
211.00
218.00
215.00
211.00
223.00
215.00
211.00
215.00
215.00
211.00
213.00
216.00
213.00
213.00
498.00
211.00
213.00
216.00
211.00
211.00
216.00
211.00
211.00
216.00
211.00
213.00
216.00
213.00
211.00
234.00
495.00
211.00
218.00
216.00
211.00
218.00
215.00
213.00
213.00
216.00
211.00
213.00
218.00
211.00
211.00
216.00
493.00
211.00
216.00
231.00
211.00
218.00
211.00
210.00
216.00
213.00
213.00
216.00
215.00
211.00
218.00
213.00
493.00
221.00
215.00
213.00
215.00
216.00
211.00
213.00
218.00
211.00
213.00
216.00
211.00
210.00
216.00
211.00
493.00
218.00
211.00
211.00
216.00
211.00
213.00
215.00
215.00
210.00
218.00
213.00
211.00
218.00
215.00
211.00
500.00
216.00
211.00
213.00
216.00
211.00
213.00
216.00
211.00
213.00
218.00
211.00
211.00
218.00
210.00
213.00
503.00
210.00
211.00
216.00
211.00
215.00
218.00
213.00
211.00
216.00
213.00
211.00
216.00
215.00
211.00
215.00
498.00
505.00
215.00
216.00
211.00
213.00
218.00
210.00
211.00
216.00
211.00
213.00
216.00
211.00
211.00
346.00
555.00
215.00
216.00
213.00
213.00
216.00
215.00
210.00
218.00
215.00
211.00
216.00
216.00
210.00
215.00
496.00
211.00
213.00
218.00
211.00
215.00
216.00
211.00
213.00
216.00
211.00
211.00
216.00
211.00
211.00
216.00
493.00
215.00
216.00
213.00
213.00
216.00
215.00
211.00
216.00
216.00
211.00
215.00
216.00
211.00
213.00
215.00
493.00
213.00
218.00
211.00
211.00
216.00
211.00
211.00
218.00
211.00
211.00
218.00
213.00
213.00
218.00
213.00
495.00
216.00
213.00
210.00
218.00
215.00
211.00
216.00
215.00
211.00
215.00
216.00
211.00
213.00
216.00
211.00
500.00
500.00
211.00
211.00
218.00
211.00
211.00
218.00
211.00
211.00
216.00
211.00
213.00
216.00
213.00
213.00
503.00
215.00
211.00
220.00
215.00
210.00
215.00
215.00
211.00
215.00
215.00
211.00
213.00
216.00
210.00
213.00
505.00
210.00
211.00
218.00
213.00
211.00
216.00
213.00
213.00
218.00
211.00
213.00
216.00
213.00
213.00
211.00
375.00
210.00
215.00
215.00
211.00
216.00
215.00
210.00
213.00
216.00
213.00
213.00
216.00
211.00
211.00
503.00
213.00
213.00
216.00
211.00
211.00
216.00
213.00
213.00
216.00
213.00
213.00
215.00
215.00
211.00
216.00
523.00
501.00
215.00
215.00
213.00
215.00
216.00
211.00
213.00
216.00
211.00
215.00
216.00
211.00
213.00
216.00
500.00
210.00
216.00
211.00
211.00
216.00
213.00
215.00
215.00
215.00
211.00
233.00
216.00
211.00
215.00
215.00
493.00
215.00
216.00
213.00
213.00
216.00
211.00
213.00
216.00
211.00
213.00
216.00
216.00
211.00
216.00
213.00
495.00
216.00
213.00
215.00
216.00
215.00
213.00
215.00
215.00
211.00
216.00
215.00
211.00
213.00
216.00
210.00
495.00
218.00
211.00
213.00
216.00
211.00
213.00
216.00
211.00
211.00
220.00
215.00
211.00
218.00
211.00
213.00
503.00
213.00
213.00
216.00
213.00
210.00
218.00
215.00
211.00
216.00
215.00
211.00
213.00
216.00
210.00
213.00
508.00
211.00
215.00
216.00
211.00
213.00
216.00
215.00
211.00
216.00
213.00
213.00
216.00
213.00
211.00
290.00
221.00
210.00
218.00
213.00
213.00
216.00
215.00
211.00
215.00
215.00
210.00
216.00
216.00
211.00
213.00
496.00
211.00
213.00
218.00
211.00
213.00
216.00
213.00
213.00
216.00
216.00
211.00
216.00
213.00
213.00
216.00
495.00
213.00
215.00
215.00
211.00
215.00
216.00
211.00
213.00
218.00
210.00
213.00
215.00
211.00
213.00
220.00
505.00
498.00
216.00
213.00
213.00
216.00
215.00
213.00
216.00
213.00
210.00
216.00
215.00
211.00
216.00
213.00
495.00
511.00
215.00
211.00
216.00
215.00
210.00
213.00
216.00
211.00
213.00
238.00
211.00
211.00
216.00
211.00
496.00
216.00
215.00
213.00
216.00
216.00
211.00
216.00
215.00
211.00
216.00
211.00
211.00
215.00
215.00
211.00
498.00
218.00
211.00
213.00
216.00
211.00
213.00
216.00
211.00
213.00
220.00
211.00
211.00
218.00
216.00
213.00
501.00
215.00
211.00
216.00
211.00
211.00
218.00
213.00
211.00
216.00
213.00
213.00
215.00
215.00
211.00
211.00
413.00
211.00
216.00
216.00
211.00
213.00
218.00
211.00
211.00
220.00
210.00
213.00
216.00
215.00
211.00
490.00
242.00
211.00
218.00
213.00
211.00
216.00
213.00
211.00
215.00
213.00
210.00
218.00
215.00
211.00
215.00
496.00
211.00
213.00
216.00
211.00
215.00
218.00
211.00
211.00
216.00
211.00
211.00
216.00
215.00
211.00
216.00
495.00
213.00
216.00
213.00
213.00
216.00
213.00
211.00
215.00
215.00
213.00
215.00
215.00
211.00
213.00
216.00
493.00
213.00
218.00
211.00
213.00
218.00
213.00
211.00
216.00
216.00
211.00
216.00
213.00
211.00
216.00
211.00
495.00
498.00
216.00
211.00
216.00
213.00
211.00
215.00
215.00
211.00
215.00
216.00
211.00
213.00
218.00
210.00
500.00
220.00
211.00
213.00
220.00
211.00
211.00
220.00
215.00
211.00
218.00
211.00
213.00
216.00
213.00
211.00
503.00
215.00
211.00
215.00
215.00
213.00
215.00
216.00
213.00
213.00
218.00
211.00
213.00
218.00
211.00
213.00
511.00
213.00
211.00
216.00
211.00
211.00
218.00
211.00
211.00
216.00
211.00
211.00
216.00
213.00
211.00
277.00
226.00
211.00
215.00
216.00
211.00
215.00
218.00
211.00
213.00
215.00
211.00
213.00
218.00
211.00
211.00
503.00
211.00
211.00
218.00
215.00
210.00
216.00
213.00
211.00
216.00
213.00
211.00
218.00
215.00
210.00
216.00
493.00
536.00
498.00
216.00
211.00
244.00
216.00
211.00
213.00
218.00
211.00
213.00
220.00
211.00
213.00
216.00
495.00
211.00
573.00
709.00
570.00
731.00
493.00
575.00
580.00
591.00
583.00
532.00
577.00
577.00
577.00
580.00
577.00
583.00
580.00
598.00
301.00
303.00
300.00
300.00
303.00
298.00
300.00
303.00
297.00
300.00
305.00
297.00
580.00
578.00
298.00
301.00
305.00
300.00
300.00
305.00
301.00
298.00
301.00
301.00
298.00
301.00
303.00
300.00
583.00
305.00
298.00
300.00
303.00
298.00
300.00
306.00
297.00
569.00
501.00
493.00
495.00
518.00
500.00
582.00
570.00
875.00
564.00
523.00
495.00
496.00
498.00
498.00
492.00
498.00
498.00
493.00
501.00
498.00
493.00
514.00
503.00
493.00
496.00
216.00
211.00
215.00
218.00
211.00
213.00
220.00
213.00
211.00
216.00
216.00
211.00
498.00
211.00
211.00
216.00
215.00
211.00
215.00
216.00
211.00
213.00
215.00
211.00
215.00
215.00
210.00
220.00
498.00
211.00
211.00
221.00
211.00
213.00
218.00
211.00
211.00
216.00
211.00
210.00
218.00
213.00
211.00
216.00
492.00
211.00
215.00
215.00
211.00
218.00
215.00
210.00
215.00
215.00
211.00
215.00
216.00
211.00
211.00
216.00
492.00
213.00
220.00
211.00
213.00
216.00
211.00
210.00
216.00
215.00
213.00
216.00
211.00
213.00
215.00
213.00
496.00
216.00
213.00
210.00
216.00
215.00
211.00
215.00
216.00
210.00
218.00
216.00
211.00
213.00
218.00
210.00
498.00
216.00
211.00
211.00
216.00
211.00
211.00
216.00
211.00
211.00
216.00
213.00
210.00
218.00
215.00
213.00
501.00
508.00
210.00
215.00
213.00
211.00
213.00
216.00
211.00
211.00
218.00
211.00
211.00
218.00
211.00
211.00
521.00
347.00
211.00
216.00
211.00
211.00
216.00
213.00
208.00
216.00
213.00
210.00
215.00
216.00
211.00
424.00
215.00
569.00
567.00
495.00
493.00
505.00
496.00
493.00
500.00
496.00
495.00
211.00
220.00
211.00
211.00
503.00
211.00
210.00
218.00
215.00
211.00
216.00
213.00
211.00
216.00
213.00
211.00
216.00
213.00
211.00
213.00
498.00
210.00
213.00
215.00
211.00
215.00
216.00
213.00
211.00
220.00
211.00
211.00
220.00
211.00
211.00
216.00
493.00
211.00
216.00
213.00
210.00
216.00
211.00
210.00
216.00
215.00
211.00
215.00
216.00
211.00
213.00
215.00
493.00
215.00
216.00
213.00
211.00
216.00
211.00
211.00
221.00
210.00
211.00
218.00
210.00
211.00
215.00
211.00
498.00
216.00
213.00
211.00
216.00
215.00
211.00
215.00
216.00
211.00
216.00
215.00
210.00
215.00
216.00
211.00
503.00
216.00
211.00
211.00
220.00
211.00
211.00
218.00
213.00
211.00
218.00
211.00
211.00
218.00
213.00
226.00
506.00
215.00
211.00
215.00
216.00
211.00
213.00
215.00
210.00
213.00
218.00
211.00
216.00
216.00
211.00
238.00
539.00
246.00
211.00
239.00
213.00
211.00
216.00
211.00
213.00
216.00
213.00
210.00
216.00
215.00
211.00
503.00
541.00
213.00
215.00
215.00
210.00
213.00
215.00
210.00
215.00
215.00
213.00
215.00
216.00
211.00
211.00
526.00
493.00
495.00
501.00
498.00
495.00
496.00
495.00
606.00
242.00
215.00
211.00
216.00
213.00
211.00
215.00
496.00
211.00
215.00
218.00
210.00
215.00
215.00
211.00
216.00
216.00
213.00
216.00
215.00
211.00
211.00
218.00
492.00
211.00
216.00
213.00
210.00
218.00
211.00
211.00
218.00
213.00
210.00
216.00
215.00
210.00
215.00
216.00
496.00
215.00
215.00
211.00
213.00
216.00
211.00
215.00
218.00
210.00
211.00
215.00
211.00
213.00
218.00
211.00
496.00
218.00
211.00
210.00
218.00
211.00
213.00
215.00
213.00
213.00
215.00
213.00
210.00
215.00
215.00
211.00
500.00
500.00
211.00
215.00
218.00
211.00
233.00
216.00
210.00
211.00
218.00
211.00
211.00
218.00
211.00
211.00
487.00
211.00
211.00
215.00
213.00
211.00
216.00
213.00
211.00
216.00
213.00
210.00
213.00
215.00
210.00
211.00
215.00
211.00
215.00
216.00
210.00
215.00
216.00
210.00
211.00
220.00
210.00
211.00
216.00
211.00
213.00
265.00
498.00
211.00
215.00
228.00
211.00
215.00
216.00
211.00
215.00
215.00
213.00
215.00
215.00
211.00
215.00
496.00
210.00
218.00
215.00
211.00
213.00
216.00
213.00
210.00
215.00
213.00
211.00
216.00
288.00
549.00
498.00
495.00
493.00
498.00
498.00
492.00
496.00
505.00
211.00
215.00
218.00
211.00
213.00
216.00
211.00
215.00
213.00
495.00
215.00
218.00
211.00
210.00
221.00
211.00
211.00
216.00
211.00
210.00
216.00
211.00
211.00
216.00
215.00
496.00
216.00
213.00
211.00
215.00
215.00
213.00
215.00
215.00
210.00
216.00
215.00
213.00
215.00
216.00
211.00
498.00
216.00
211.00
211.00
216.00
211.00
211.00
216.00
211.00
211.00
216.00
211.00
211.00
215.00
213.00
211.00
506.00
215.00
211.00
215.00
215.00
215.00
213.00
215.00
211.00
215.00
215.00
211.00
216.00
216.00
210.00
213.00
328.00
211.00
211.00
215.00
211.00
210.00
215.00
213.00
211.00
215.00
211.00
210.00
213.00
215.00
210.00
210.00
213.00
215.00
213.00
215.00
213.00
213.00
215.00
210.00
213.00
216.00
211.00
211.00
215.00
213.00
211.00
485.00
501.00
211.00
215.00
211.00
210.00
216.00
211.00
210.00
216.00
211.00
210.00
215.00
215.00
208.00
211.00
493.00
211.00
213.00
213.00
210.00
215.00
215.00
210.00
215.00
213.00
210.00
211.00
216.00
211.00
210.00
218.00
495.00
211.00
215.00
213.00
210.00
215.00
213.00
211.00
215.00
215.00
210.00
277.00
496.00
493.00
500.00
500.00
495.00
503.00
511.00
505.00
500.00
501.00
500.00
503.00
503.00
500.00
496.00
218.00
211.00
210.00
216.00
213.00
496.00
498.00
213.00
213.00
215.00
215.00
211.00
215.00
215.00
210.00
213.00
215.00
215.00
213.00
215.00
213.00
500.00
215.00
211.00
215.00
216.00
210.00
211.00
215.00
211.00
210.00
216.00
211.00
211.00
216.00
213.00
211.00
500.00
213.00
210.00
213.00
215.00
210.00
213.00
213.00
213.00
213.00
216.00
211.00
213.00
218.00
210.00
213.00
503.00
534.00
326.00
213.00
213.00
210.00
216.00
211.00
210.00
216.00
213.00
210.00
216.00
215.00
211.00
341.00
500.00
211.00
215.00
215.00
211.00
213.00
213.00
213.00
211.00
216.00
210.00
234.00
215.00
213.00
215.00
518.00
211.00
215.00
216.00
211.00
211.00
216.00
211.00
210.00
216.00
213.00
211.00
215.00
213.00
210.00
215.00
513.00
495.00
215.00
215.00
211.00
213.00
216.00
215.00
213.00
216.00
211.00
215.00
218.00
211.00
216.00
216.00
488.00
210.00
215.00
213.00
211.00
216.00
215.00
211.00
215.00
211.00
210.00
215.00
215.00
210.00
215.00
216.00
493.00
215.00
215.00
215.00
211.00
216.00
211.00
213.00
218.00
605.00
493.00
500.00
490.00
498.00
498.00
498.00
500.00
498.00
495.00
211.00
215.00
213.00
211.00
218.00
213.00
210.00
216.00
215.00
213.00
215.00
216.00
213.00
498.00
213.00
213.00
213.00
216.00
211.00
215.00
216.00
211.00
215.00
216.00
211.00
210.00
215.00
211.00
211.00
503.00
213.00
211.00
215.00
213.00
210.00
215.00
213.00
210.00
215.00
215.00
211.00
215.00
215.00
213.00
220.00
315.00
213.00
211.00
215.00
211.00
213.00
216.00
211.00
213.00
215.00
211.00
213.00
215.00
211.00
211.00
496.00
215.00
213.00
216.00
213.00
210.00
215.00
216.00
210.00
215.00
215.00
211.00
213.00
216.00
215.00
211.00
495.00
500.00
211.00
215.00
211.00
213.00
215.00
213.00
211.00
218.00
211.00
211.00
216.00
213.00
210.00
216.00
496.00
493.00
216.00
213.00
211.00
213.00
215.00
211.00
213.00
215.00
213.00
213.00
216.00
213.00
213.00
216.00
492.00
498.00
216.00
211.00
213.00
215.00
210.00
211.00
216.00
213.00
211.00
216.00
213.00
213.00
216.00
213.00
498.00
213.00
215.00
210.00
215.00
215.00
210.00
213.00
215.00
213.00
211.00
216.00
211.00
213.00
216.00
210.00
501.00
216.00
210.00
211.00
215.00
211.00
210.00
542.00
506.00
492.00
498.00
496.00
493.00
498.00
493.00
649.00
514.00
216.00
211.00
213.00
215.00
213.00
211.00
216.00
213.00
211.00
216.00
211.00
213.00
216.00
213.00
211.00
488.00
211.00
213.00
215.00
211.00
211.00
215.00
213.00
211.00
215.00
216.00
211.00
213.00
215.00
211.00
447.00
216.00
211.00
211.00
215.00
213.00
211.00
218.00
213.00
213.00
216.00
210.00
213.00
215.00
210.00
210.00
498.00
213.00
210.00
215.00
211.00
211.00
215.00
215.00
210.00
216.00
215.00
210.00
216.00
215.00
210.00
213.00
495.00
503.00
211.00
216.00
211.00
211.00
216.00
213.00
254.00
216.00
211.00
213.00
215.00
213.00
210.00
216.00
498.00
211.00
215.00
211.00
211.00
215.00
215.00
210.00
215.00
216.00
210.00
213.00
236.00
211.00
213.00
215.00
495.00
211.00
216.00
213.00
211.00
218.00
211.00
213.00
215.00
211.00
210.00
215.00
211.00
210.00
218.00
211.00
495.00
500.00
215.00
210.00
215.00
216.00
210.00
213.00
213.00
210.00
213.00
215.00
211.00
213.00
218.00
211.00
496.00
216.00
211.00
210.00
215.00
211.00
213.00
215.00
210.00
211.00
215.00
211.00
210.00
213.00
210.00
210.00
508.00
215.00
210.00
215.00
293.00
492.00
493.00
496.00
492.00
498.00
498.00
500.00
495.00
501.00
213.00
269.00
224.00
211.00
213.00
218.00
211.00
213.00
218.00
211.00
211.00
215.00
213.00
210.00
215.00
213.00
210.00
495.00
215.00
210.00
213.00
215.00
211.00
210.00
218.00
211.00
215.00
216.00
211.00
211.00
216.00
213.00
211.00
508.00
210.00
213.00
215.00
211.00
211.00
218.00
213.00
208.00
215.00
215.00
210.00
215.00
216.00
210.00
215.00
492.00
211.00
211.00
215.00
211.00
210.00
218.00
211.00
210.00
216.00
215.00
211.00
216.00
213.00
211.00
216.00
505.00
215.00
215.00
213.00
211.00
215.00
215.00
211.00
215.00
213.00
211.00
215.00
215.00
211.00
215.00
216.00
496.00
213.00
216.00
211.00
211.00
216.00
215.00
211.00
216.00
213.00
211.00
216.00
210.00
213.00
216.00
211.00
498.00
215.00
215.00
210.00
216.00
213.00
210.00
213.00
215.00
211.00
215.00
221.00
210.00
213.00
216.00
210.00
500.00
503.00
210.00
211.00
216.00
213.00
211.00
216.00
211.00
211.00
216.00
213.00
213.00
215.00
211.00
210.00
415.00
215.00
210.00
216.00
215.00
211.00
216.00
215.00
210.00
213.00
215.00
210.00
213.00
216.00
211.00
492.00
215.00
213.00
290.00
498.00
496.00
508.00
496.00
493.00
496.00
498.00
500.00
496.00
215.00
213.00
210.00
498.00
215.00
211.00
215.00
215.00
210.00
213.00
216.00
210.00
213.00
215.00
210.00
213.00
215.00
211.00
211.00
500.00
213.00
211.00
215.00
213.00
211.00
216.00
211.00
215.00
215.00
215.00
210.00
216.00
215.00
211.00
216.00
495.00
211.00
213.00
215.00
211.00
215.00
215.00
210.00
213.00
216.00
213.00
211.00
216.00
213.00
211.00
216.00
498.00
213.00
216.00
213.00
228.00
215.00
211.00
210.00
213.00
211.00
211.00
215.00
213.00
211.00
213.00
213.00
496.00
216.00
216.00
210.00
213.00
215.00
210.00
211.00
252.00
211.00
213.00
216.00
213.00
213.00
216.00
215.00
498.00
215.00
211.00
213.00
216.00
210.00
211.00
213.00
211.00
210.00
215.00
213.00
208.00
213.00
215.00
210.00
495.00
224.00
210.00
210.00
216.00
210.00
210.00
215.00
215.00
210.00
216.00
211.00
210.00
216.00
210.00
354.00
247.00
210.00
215.00
215.00
210.00
210.00
215.00
215.00
208.00
215.00
215.00
210.00
211.00
215.00
210.00
498.00
213.00
210.00
211.00
215.00
208.00
210.00
218.00
213.00
210.00
216.00
213.00
213.00
215.00
211.00
223.00
492.00
439.00
492.00
490.00
495.00
492.00
490.00
495.00
492.00
493.00
490.00
213.00
213.00
215.00
213.00
211.00
496.00
211.00
211.00
216.00
210.00
211.00
216.00
215.00
211.00
216.00
213.00
210.00
216.00
213.00
213.00
215.00
500.00
211.00
215.00
216.00
210.00
215.00
215.00
211.00
213.00
215.00
213.00
213.00
218.00
210.00
211.00
218.00
495.00
496.00
218.00
213.00
211.00
215.00
213.00
211.00
216.00
213.00
213.00
216.00
211.00
213.00
215.00
215.00
495.00
498.00
215.00
208.00
211.00
215.00
210.00
213.00
215.00
213.00
213.00
216.00
210.00
211.00
218.00
211.00
495.00
516.00
215.00
210.00
216.00
213.00
211.00
216.00
272.00
215.00
215.00
213.00
210.00
213.00
215.00
210.00
564.00
215.00
211.00
210.00
215.00
211.00
213.00
215.00
211.00
213.00
216.00
213.00
211.00
216.00
215.00
206.00
539.00
213.00
211.00
216.00
213.00
211.00
218.00
213.00
213.00
216.00
213.00
210.00
215.00
215.00
211.00
500.00
215.00
210.00
211.00
215.00
210.00
213.00
216.00
210.00
211.00
216.00
211.00
211.00
215.00
213.00
210.00
498.00
213.00
211.00
216.00
213.00
213.00
215.00
215.00
210.00
215.00
216.00
210.00
216.00
215.00
211.00
852.00
560.00
498.00
496.00
498.00
490.00
495.00
498.00
493.00
493.00
500.00
211.00
213.00
216.00
215.00
213.00
216.00
493.00
211.00
218.00
213.00
213.00
216.00
213.00
211.00
215.00
215.00
211.00
216.00
216.00
211.00
215.00
216.00
496.00
213.00
221.00
210.00
211.00
218.00
211.00
211.00
216.00
213.00
211.00
218.00
215.00
211.00
216.00
213.00
514.00
216.00
213.00
211.00
215.00
215.00
211.00
213.00
215.00
211.00
215.00
215.00
211.00
213.00
216.00
211.00
447.00
215.00
211.00
210.00
234.00
211.00
211.00
218.00
213.00
211.00
216.00
215.00
211.00
215.00
213.00
213.00
218.00
213.00
211.00
216.00
216.00
210.00
213.00
216.00
210.00
213.00
216.00
210.00
213.00
215.00
211.00
280.00
218.00
211.00
211.00
218.00
213.00
213.00
215.00
215.00
211.00
216.00
211.00
210.00
216.00
213.00
211.00
496.00
495.00
210.00
213.00
218.00
210.00
213.00
215.00
211.00
213.00
216.00
211.00
213.00
218.00
211.00
211.00
498.00
213.00
211.00
216.00
216.00
210.00
216.00
215.00
210.00
216.00
213.00
211.00
216.00
216.00
211.00
213.00
495.00
213.00
213.00
215.00
213.00
211.00
215.00
211.00
213.00
216.00
211.00
211.00
274.00
495.00
495.00
498.00
498.00
493.00
498.00
498.00
492.00
606.00
213.00
211.00
216.00
216.00
211.00
218.00
215.00
211.00
215.00
215.00
495.00
498.00
216.00
211.00
215.00
216.00
211.00
211.00
216.00
210.00
211.00
220.00
211.00
213.00
215.00
215.00
505.00
216.00
215.00
211.00
215.00
215.00
210.00
215.00
215.00
213.00
215.00
216.00
210.00
213.00
216.00
211.00
498.00
216.00
211.00
211.00
216.00
211.00
211.00
220.00
211.00
211.00
216.00
211.00
211.00
215.00
215.00
206.00
216.00
211.00
211.00
215.00
215.00
211.00
215.00
216.00
210.00
213.00
216.00
210.00
213.00
215.00
210.00
498.00
508.00
210.00
211.00
216.00
211.00
211.00
218.00
213.00
211.00
216.00
215.00
210.00
216.00
215.00
211.00
495.00
215.00
210.00
215.00
215.00
210.00
213.00
215.00
213.00
213.00
215.00
211.00
211.00
215.00
211.00
211.00
498.00
495.00
211.00
220.00
211.00
210.00
218.00
210.00
210.00
216.00
213.00
211.00
218.00
213.00
210.00
216.00
495.00
210.00
213.00
216.00
211.00
213.00
215.00
211.00
213.00
216.00
211.00
211.00
218.00
210.00
211.00
218.00
496.00
211.00
220.00
211.00
210.00
216.00
211.00
211.00
218.00
215.00
290.00
510.00
493.00
493.00
498.00
498.00
495.00
503.00
498.00
493.00
495.00
496.00
492.00
492.00
493.00
357.00
211.00
215.00
210.00
213.00
218.00
211.00
496.00
220.00
211.00
211.00
218.00
215.00
210.00
216.00
215.00
211.00
215.00
213.00
210.00
216.00
215.00
210.00
501.00
218.00
210.00
213.00
218.00
210.00
213.00
216.00
211.00
211.00
216.00
210.00
211.00
221.00
211.00
375.00
257.00
211.00
211.00
216.00
215.00
211.00
215.00
213.00
210.00
213.00
213.00
210.00
216.00
215.00
210.00
495.00
216.00
208.00
213.00
216.00
210.00
211.00
216.00
210.00
211.00
220.00
211.00
211.00
218.00
211.00
211.00
498.00
216.00
211.00
216.00
215.00
210.00
215.00
213.00
210.00
216.00
215.00
211.00
215.00
215.00
210.00
213.00
496.00
503.00
213.00
215.00
211.00
211.00
216.00
210.00
210.00
242.00
211.00
211.00
218.00
211.00
211.00
215.00
498.00
210.00
216.00
213.00
211.00
215.00
215.00
210.00
215.00
216.00
210.00
213.00
215.00
210.00
213.00
216.00
498.00
213.00
218.00
211.00
211.00
221.00
210.00
211.00
218.00
213.00
211.00
215.00
211.00
211.00
216.00
216.00
498.00
215.00
213.00
211.00
215.00
215.00
211.00
215.00
354.00
493.00
495.00
498.00
495.00
493.00
500.00
492.00
495.00
498.00
493.00
495.00
501.00
492.00
493.00
500.00
591.00
233.00
218.00
215.00
211.00
216.00
215.00
234.00
464.00
215.00
211.00
216.00
216.00
210.00
215.00
216.00
211.00
213.00
215.00
211.00
228.00
216.00
211.00
495.00
216.00
210.00
211.00
220.00
211.00
210.00
218.00
211.00
211.00
216.00
215.00
213.00
215.00
215.00
210.00
496.00
221.00
213.00
215.00
216.00
213.00
213.00
215.00
211.00
211.00
216.00
210.00
213.00
216.00
213.00
211.00
501.00
211.00
213.00
220.00
211.00
211.00
215.00
215.00
211.00
215.00
215.00
210.00
215.00
215.00
210.00
215.00
498.00
211.00
213.00
215.00
210.00
210.00
216.00
211.00
211.00
215.00
211.00
211.00
215.00
211.00
211.00
218.00
492.00
498.00
220.00
211.00
208.00
218.00
216.00
211.00
215.00
211.00
210.00
213.00
216.00
210.00
213.00
215.00
496.00
211.00
216.00
211.00
210.00
216.00
210.00
211.00
213.00
213.00
211.00
220.00
213.00
210.00
220.00
211.00
496.00
215.00
213.00
210.00
215.00
218.00
210.00
215.00
215.00
210.00
213.00
213.00
211.00
213.00
216.00
208.00
496.00
216.00
211.00
211.00
215.00
211.00
621.00
498.00
493.00
493.00
501.00
500.00
495.00
500.00
495.00
472.00
498.00
519.00
210.00
215.00
215.00
210.00
215.00
216.00
211.00
215.00
218.00
211.00
213.00
216.00
211.00
492.00
216.00
213.00
211.00
218.00
211.00
210.00
218.00
211.00
211.00
218.00
210.00
211.00
221.00
211.00
211.00
500.00
588.00
495.00
216.00
215.00
211.00
215.00
